  [1m[36mActiveRecord::SchemaMigration Load (0.4ms)[0m  [1mSELECT "schema_migrations".* FROM "schema_migrations"[0m
Migrating to CreateMatches (20160825161505)
  [1m[35m (0.2ms)[0m  BEGIN
  [1m[36m (4.3ms)[0m  [1mCREATE TABLE "matches" ("id" serial primary key, "image_id" integer, "matched_image_id" integer, "created_at" timestamp NOT NULL, "updated_at" timestamp NOT NULL) [0m
  [1m[35m (0.7ms)[0m  CREATE  INDEX  "index_matches_on_image_id" ON "matches"  ("image_id")
  [1m[36m (0.7ms)[0m  [1mCREATE  INDEX  "index_matches_on_matched_image_id" ON "matches"  ("matched_image_id")[0m
  [1m[35m (5.4ms)[0m  ALTER TABLE "matches" ADD CONSTRAINT "fk_rails_518726ab46"
FOREIGN KEY ("image_id")
  REFERENCES "images" ("id")

  [1m[36m (1.0ms)[0m  [1mALTER TABLE "matches" ADD CONSTRAINT "fk_rails_2336496d4e"
FOREIGN KEY ("matched_image_id")
  REFERENCES "images" ("id")
[0m
  [1m[35m (0.7ms)[0m  CREATE UNIQUE INDEX  "index_matches_on_image_id_and_matched_image_id" ON "matches"  ("image_id", "matched_image_id")
  [1m[36mSQL (0.5ms)[0m  [1mINSERT INTO "schema_migrations" ("version") VALUES ($1)[0m  [["version", "20160825161505"]]
  [1m[35m (0.5ms)[0m  COMMIT
  [1m[36mActiveRecord::SchemaMigration Load (0.2ms)[0m  [1mSELECT "schema_migrations".* FROM "schema_migrations"[0m
  [1m[35m (3.5ms)[0m  SELECT t2.oid::regclass::text AS to_table, a1.attname AS column, a2.attname AS primary_key, c.conname AS name, c.confupdtype AS on_update, c.confdeltype AS on_delete
FROM pg_constraint c
JOIN pg_class t1 ON c.conrelid = t1.oid
JOIN pg_class t2 ON c.confrelid = t2.oid
JOIN pg_attribute a1 ON a1.attnum = c.conkey[1] AND a1.attrelid = t1.oid
JOIN pg_attribute a2 ON a2.attnum = c.confkey[1] AND a2.attrelid = t2.oid
JOIN pg_namespace t3 ON c.connamespace = t3.oid
WHERE c.contype = 'f'
  AND t1.relname = 'images'
  AND t3.nspname = ANY (current_schemas(false))
ORDER BY c.conname

  [1m[36m (3.0ms)[0m  [1mSELECT t2.oid::regclass::text AS to_table, a1.attname AS column, a2.attname AS primary_key, c.conname AS name, c.confupdtype AS on_update, c.confdeltype AS on_delete
FROM pg_constraint c
JOIN pg_class t1 ON c.conrelid = t1.oid
JOIN pg_class t2 ON c.confrelid = t2.oid
JOIN pg_attribute a1 ON a1.attnum = c.conkey[1] AND a1.attrelid = t1.oid
JOIN pg_attribute a2 ON a2.attnum = c.confkey[1] AND a2.attrelid = t2.oid
JOIN pg_namespace t3 ON c.connamespace = t3.oid
WHERE c.contype = 'f'
  AND t1.relname = 'matches'
  AND t3.nspname = ANY (current_schemas(false))
ORDER BY c.conname
[0m
  [1m[35m (2.8ms)[0m  SELECT t2.oid::regclass::text AS to_table, a1.attname AS column, a2.attname AS primary_key, c.conname AS name, c.confupdtype AS on_update, c.confdeltype AS on_delete
FROM pg_constraint c
JOIN pg_class t1 ON c.conrelid = t1.oid
JOIN pg_class t2 ON c.confrelid = t2.oid
JOIN pg_attribute a1 ON a1.attnum = c.conkey[1] AND a1.attrelid = t1.oid
JOIN pg_attribute a2 ON a2.attnum = c.confkey[1] AND a2.attrelid = t2.oid
JOIN pg_namespace t3 ON c.connamespace = t3.oid
WHERE c.contype = 'f'
  AND t1.relname = 'taggings'
  AND t3.nspname = ANY (current_schemas(false))
ORDER BY c.conname

  [1m[36m (2.7ms)[0m  [1mSELECT t2.oid::regclass::text AS to_table, a1.attname AS column, a2.attname AS primary_key, c.conname AS name, c.confupdtype AS on_update, c.confdeltype AS on_delete
FROM pg_constraint c
JOIN pg_class t1 ON c.conrelid = t1.oid
JOIN pg_class t2 ON c.confrelid = t2.oid
JOIN pg_attribute a1 ON a1.attnum = c.conkey[1] AND a1.attrelid = t1.oid
JOIN pg_attribute a2 ON a2.attnum = c.confkey[1] AND a2.attrelid = t2.oid
JOIN pg_namespace t3 ON c.connamespace = t3.oid
WHERE c.contype = 'f'
  AND t1.relname = 'tags'
  AND t3.nspname = ANY (current_schemas(false))
ORDER BY c.conname
[0m
  [1m[35m (2.7ms)[0m  SELECT t2.oid::regclass::text AS to_table, a1.attname AS column, a2.attname AS primary_key, c.conname AS name, c.confupdtype AS on_update, c.confdeltype AS on_delete
FROM pg_constraint c
JOIN pg_class t1 ON c.conrelid = t1.oid
JOIN pg_class t2 ON c.confrelid = t2.oid
JOIN pg_attribute a1 ON a1.attnum = c.conkey[1] AND a1.attrelid = t1.oid
JOIN pg_attribute a2 ON a2.attnum = c.confkey[1] AND a2.attrelid = t2.oid
JOIN pg_namespace t3 ON c.connamespace = t3.oid
WHERE c.contype = 'f'
  AND t1.relname = 'users'
  AND t3.nspname = ANY (current_schemas(false))
ORDER BY c.conname



Started GET "/" for ::1 at 2016-08-25 13:52:43 -0400
  [1m[36mActiveRecord::SchemaMigration Load (0.5ms)[0m  [1mSELECT "schema_migrations".* FROM "schema_migrations"[0m
Processing by PagesController#welcome as HTML
  [1m[35mActsAsTaggableOn::Tag Load (1.0ms)[0m  SELECT  "tags".* FROM "tags"  ORDER BY taggings_count desc LIMIT 50
  Rendered pages/welcome.html.erb within layouts/application (23.6ms)
Completed 200 OK in 223ms (Views: 219.4ms | ActiveRecord: 3.4ms)


Started GET "/" for ::1 at 2016-08-25 13:53:04 -0400
Processing by PagesController#welcome as HTML
  [1m[36mActsAsTaggableOn::Tag Load (0.4ms)[0m  [1mSELECT  "tags".* FROM "tags"  ORDER BY taggings_count desc LIMIT 50[0m
  Rendered pages/welcome.html.erb within layouts/application (4.6ms)
Completed 200 OK in 14ms (Views: 13.3ms | ActiveRecord: 0.4ms)


Started GET "/" for ::1 at 2016-08-25 13:53:50 -0400
Processing by PagesController#welcome as HTML
  [1m[35mActsAsTaggableOn::Tag Load (0.3ms)[0m  SELECT  "tags".* FROM "tags"  ORDER BY taggings_count desc LIMIT 50
  Rendered pages/welcome.html.erb within layouts/application (4.3ms)
Completed 200 OK in 13ms (Views: 12.3ms | ActiveRecord: 0.3ms)


Started GET "/images?tag=Venus" for ::1 at 2016-08-25 13:54:06 -0400
Processing by ImagesController#index as HTML
  Parameters: {"tag"=>"Venus"}
  [1m[36mActsAsTaggableOn::Tag Load (0.4ms)[0m  [1mSELECT "tags".* FROM "tags" WHERE (LOWER(name) = LOWER('venus'))[0m
  [1m[35mImage Load (2.0ms)[0m  SELECT "images".* FROM "images" JOIN taggings images_taggings_c8721b6  ON images_taggings_c8721b6.taggable_id = "images".id AND images_taggings_c8721b6.taggable_type = 'Image' AND images_taggings_c8721b6.tag_id = 1
  Rendered images/index.html.erb within layouts/application (26.7ms)
Completed 200 OK in 162ms (Views: 35.3ms | ActiveRecord: 4.1ms)


Started GET "/images/1" for ::1 at 2016-08-25 13:54:08 -0400
Processing by ImagesController#show as HTML
  Parameters: {"id"=>"1"}
  [1m[36mImage Load (0.3ms)[0m  [1mSELECT  "images".* FROM "images" WHERE "images"."id" = $1 LIMIT 1[0m  [["id", 1]]
  [1m[35mActsAsTaggableOn::Tagging Load (0.3ms)[0m  SELECT "taggings".* FROM "taggings" WHERE "taggings"."taggable_id" = $1 AND "taggings"."taggable_type" = $2  [["taggable_id", 1], ["taggable_type", "Image"]]
  [1m[36mActsAsTaggableOn::Tag Load (0.4ms)[0m  [1mSELECT "tags".* FROM "tags" INNER JOIN "taggings" ON "tags"."id" = "taggings"."tag_id" WHERE "taggings"."taggable_id" = $1 AND "taggings"."taggable_type" = $2 AND (taggings.context = 'tags' AND taggings.tagger_id IS NULL)[0m  [["taggable_id", 1], ["taggable_type", "Image"]]
  Rendered images/show.html.erb within layouts/application (27.7ms)
Completed 200 OK in 49ms (Views: 38.7ms | ActiveRecord: 2.5ms)


Started GET "/images/1" for ::1 at 2016-08-25 13:56:08 -0400
Processing by ImagesController#show as HTML
  Parameters: {"id"=>"1"}
  [1m[35mImage Load (0.4ms)[0m  SELECT  "images".* FROM "images" WHERE "images"."id" = $1 LIMIT 1  [["id", 1]]
  [1m[36mActsAsTaggableOn::Tagging Load (0.3ms)[0m  [1mSELECT "taggings".* FROM "taggings" WHERE "taggings"."taggable_id" = $1 AND "taggings"."taggable_type" = $2[0m  [["taggable_id", 1], ["taggable_type", "Image"]]
  [1m[35mActsAsTaggableOn::Tag Load (0.4ms)[0m  SELECT "tags".* FROM "tags" INNER JOIN "taggings" ON "tags"."id" = "taggings"."tag_id" WHERE "taggings"."taggable_id" = $1 AND "taggings"."taggable_type" = $2 AND (taggings.context = 'tags' AND taggings.tagger_id IS NULL)  [["taggable_id", 1], ["taggable_type", "Image"]]
  [1m[36mUser Load (0.5ms)[0m  [1mSELECT  "users".* FROM "users" WHERE "users"."id" = $1 LIMIT 1[0m  [["id", 1]]
  [1m[35m (0.2ms)[0m  BEGIN
  [1m[36mSQL (0.3ms)[0m  [1mUPDATE "users" SET "last_request_at" = $1, "perishable_token" = $2, "updated_at" = $3 WHERE "users"."id" = $4[0m  [["last_request_at", "2016-08-25 17:56:09.042941"], ["perishable_token", "6bori36Hc23b8t1CEAd"], ["updated_at", "2016-08-25 17:56:09.043785"], ["id", 1]]
  [1m[35m (0.4ms)[0m  COMMIT
  Rendered images/show.html.erb within layouts/application (115.5ms)
Completed 200 OK in 135ms (Views: 129.9ms | ActiveRecord: 3.7ms)


Started GET "/images/1/edit" for ::1 at 2016-08-25 13:56:11 -0400
Processing by ImagesController#edit as HTML
  Parameters: {"id"=>"1"}
  [1m[36mImage Load (0.4ms)[0m  [1mSELECT  "images".* FROM "images" WHERE "images"."id" = $1 LIMIT 1[0m  [["id", 1]]
  [1m[35mUser Load (0.3ms)[0m  SELECT  "users".* FROM "users" WHERE "users"."id" = $1 LIMIT 1  [["id", 1]]
  [1m[36m (0.2ms)[0m  [1mBEGIN[0m
  [1m[35mSQL (0.4ms)[0m  UPDATE "users" SET "last_request_at" = $1, "perishable_token" = $2, "updated_at" = $3 WHERE "users"."id" = $4  [["last_request_at", "2016-08-25 17:56:11.123765"], ["perishable_token", "mkaiB3d9P9K23yynFo"], ["updated_at", "2016-08-25 17:56:11.124662"], ["id", 1]]
  [1m[36m (1.4ms)[0m  [1mCOMMIT[0m
  [1m[35mActsAsTaggableOn::Tagging Load (0.3ms)[0m  SELECT "taggings".* FROM "taggings" WHERE "taggings"."taggable_id" = $1 AND "taggings"."taggable_type" = $2  [["taggable_id", 1], ["taggable_type", "Image"]]
  [1m[36mActsAsTaggableOn::Tag Load (0.5ms)[0m  [1mSELECT "tags".* FROM "tags" INNER JOIN "taggings" ON "tags"."id" = "taggings"."tag_id" WHERE "taggings"."taggable_id" = $1 AND "taggings"."taggable_type" = $2 AND (taggings.context = 'tags' AND taggings.tagger_id IS NULL)[0m  [["taggable_id", 1], ["taggable_type", "Image"]]
  Rendered images/edit.html.erb within layouts/application (16.9ms)
Completed 200 OK in 45ms (Views: 30.4ms | ActiveRecord: 3.4ms)


Started GET "/images/1" for ::1 at 2016-08-25 13:56:15 -0400
Processing by ImagesController#show as HTML
  Parameters: {"id"=>"1"}
  [1m[35mImage Load (0.4ms)[0m  SELECT  "images".* FROM "images" WHERE "images"."id" = $1 LIMIT 1  [["id", 1]]
  [1m[36mActsAsTaggableOn::Tagging Load (0.3ms)[0m  [1mSELECT "taggings".* FROM "taggings" WHERE "taggings"."taggable_id" = $1 AND "taggings"."taggable_type" = $2[0m  [["taggable_id", 1], ["taggable_type", "Image"]]
  [1m[35mActsAsTaggableOn::Tag Load (0.5ms)[0m  SELECT "tags".* FROM "tags" INNER JOIN "taggings" ON "tags"."id" = "taggings"."tag_id" WHERE "taggings"."taggable_id" = $1 AND "taggings"."taggable_type" = $2 AND (taggings.context = 'tags' AND taggings.tagger_id IS NULL)  [["taggable_id", 1], ["taggable_type", "Image"]]
  [1m[36mUser Load (0.4ms)[0m  [1mSELECT  "users".* FROM "users" WHERE "users"."id" = $1 LIMIT 1[0m  [["id", 1]]
  [1m[35m (0.2ms)[0m  BEGIN
  [1m[36mSQL (0.3ms)[0m  [1mUPDATE "users" SET "last_request_at" = $1, "perishable_token" = $2, "updated_at" = $3 WHERE "users"."id" = $4[0m  [["last_request_at", "2016-08-25 17:56:15.858343"], ["perishable_token", "1pkGjvhOKyRH8TstDt8g"], ["updated_at", "2016-08-25 17:56:15.859095"], ["id", 1]]
  [1m[35m (1.3ms)[0m  COMMIT
  Rendered images/show.html.erb within layouts/application (11.6ms)
Completed 200 OK in 23ms (Views: 18.2ms | ActiveRecord: 3.4ms)


Started GET "/images/1" for ::1 at 2016-08-25 13:56:19 -0400
Processing by ImagesController#show as HTML
  Parameters: {"id"=>"1"}
  [1m[36mImage Load (0.3ms)[0m  [1mSELECT  "images".* FROM "images" WHERE "images"."id" = $1 LIMIT 1[0m  [["id", 1]]
  [1m[35mActsAsTaggableOn::Tagging Load (0.3ms)[0m  SELECT "taggings".* FROM "taggings" WHERE "taggings"."taggable_id" = $1 AND "taggings"."taggable_type" = $2  [["taggable_id", 1], ["taggable_type", "Image"]]
  [1m[36mActsAsTaggableOn::Tag Load (0.4ms)[0m  [1mSELECT "tags".* FROM "tags" INNER JOIN "taggings" ON "tags"."id" = "taggings"."tag_id" WHERE "taggings"."taggable_id" = $1 AND "taggings"."taggable_type" = $2 AND (taggings.context = 'tags' AND taggings.tagger_id IS NULL)[0m  [["taggable_id", 1], ["taggable_type", "Image"]]
  [1m[35mUser Load (0.3ms)[0m  SELECT  "users".* FROM "users" WHERE "users"."id" = $1 LIMIT 1  [["id", 1]]
  [1m[36m (0.1ms)[0m  [1mBEGIN[0m
  [1m[35mSQL (0.3ms)[0m  UPDATE "users" SET "last_request_at" = $1, "perishable_token" = $2, "updated_at" = $3 WHERE "users"."id" = $4  [["last_request_at", "2016-08-25 17:56:19.276069"], ["perishable_token", "DU1BhWvyUUWtSL0Ivew"], ["updated_at", "2016-08-25 17:56:19.276771"], ["id", 1]]
  [1m[36m (1.2ms)[0m  [1mCOMMIT[0m
  Rendered images/show.html.erb within layouts/application (16.5ms)
Completed 200 OK in 27ms (Views: 23.2ms | ActiveRecord: 3.1ms)


Started GET "/images/1" for ::1 at 2016-08-25 13:58:02 -0400
  [1m[36mActiveRecord::SchemaMigration Load (0.4ms)[0m  [1mSELECT "schema_migrations".* FROM "schema_migrations"[0m
Processing by ImagesController#show as HTML
  Parameters: {"id"=>"1"}
  [1m[35mImage Load (0.8ms)[0m  SELECT  "images".* FROM "images" WHERE "images"."id" = $1 LIMIT 1  [["id", 1]]
  [1m[36mActsAsTaggableOn::Tagging Load (0.5ms)[0m  [1mSELECT "taggings".* FROM "taggings" WHERE "taggings"."taggable_id" = $1 AND "taggings"."taggable_type" = $2[0m  [["taggable_id", 1], ["taggable_type", "Image"]]
  [1m[35mActsAsTaggableOn::Tag Load (0.7ms)[0m  SELECT "tags".* FROM "tags" INNER JOIN "taggings" ON "tags"."id" = "taggings"."tag_id" WHERE "taggings"."taggable_id" = $1 AND "taggings"."taggable_type" = $2 AND (taggings.context = 'tags' AND taggings.tagger_id IS NULL)  [["taggable_id", 1], ["taggable_type", "Image"]]
  [1m[36mUser Load (0.4ms)[0m  [1mSELECT  "users".* FROM "users" WHERE "users"."id" = $1 LIMIT 1[0m  [["id", 1]]
  [1m[35m (0.2ms)[0m  BEGIN
  [1m[36mSQL (0.3ms)[0m  [1mUPDATE "users" SET "last_request_at" = $1, "perishable_token" = $2, "updated_at" = $3 WHERE "users"."id" = $4[0m  [["last_request_at", "2016-08-25 17:58:02.301035"], ["perishable_token", "LOuNQSFST7NqenQOEz"], ["updated_at", "2016-08-25 17:58:02.301863"], ["id", 1]]
  [1m[35m (1.3ms)[0m  COMMIT
  Rendered images/show.html.erb within layouts/application (195.4ms)
Completed 200 OK in 661ms (Views: 604.5ms | ActiveRecord: 9.6ms)


Started GET "/assets/application.self-23106765c4a674c9c13f37c2171122f4408c1fc68aee0636c1daea8f26586327.js?body=1" for ::1 at 2016-08-25 13:58:02 -0400


Started GET "/assets/jquery.self-4c7649dd655c61cb850cfd2e71f937c3bbf3e3a752a3499ed8bb9884473fe1dd.js?body=1" for ::1 at 2016-08-25 13:58:02 -0400


Started GET "/assets/jquery_ujs.self-82819b9f2de121124a614eeab50287468ad6f4b1ef4437925a7832ffbdf2cce9.js?body=1" for ::1 at 2016-08-25 13:58:02 -0400


Started GET "/images/1" for ::1 at 2016-08-25 13:58:41 -0400
Processing by ImagesController#show as HTML
  Parameters: {"id"=>"1"}
  [1m[36mImage Load (0.3ms)[0m  [1mSELECT  "images".* FROM "images" WHERE "images"."id" = $1 LIMIT 1[0m  [["id", 1]]
  [1m[35mActsAsTaggableOn::Tagging Load (0.4ms)[0m  SELECT "taggings".* FROM "taggings" WHERE "taggings"."taggable_id" = $1 AND "taggings"."taggable_type" = $2  [["taggable_id", 1], ["taggable_type", "Image"]]
  [1m[36mActsAsTaggableOn::Tag Load (0.5ms)[0m  [1mSELECT "tags".* FROM "tags" INNER JOIN "taggings" ON "tags"."id" = "taggings"."tag_id" WHERE "taggings"."taggable_id" = $1 AND "taggings"."taggable_type" = $2 AND (taggings.context = 'tags' AND taggings.tagger_id IS NULL)[0m  [["taggable_id", 1], ["taggable_type", "Image"]]
  [1m[35mUser Load (0.3ms)[0m  SELECT  "users".* FROM "users" WHERE "users"."id" = $1 LIMIT 1  [["id", 1]]
  [1m[36m (0.3ms)[0m  [1mBEGIN[0m
  [1m[35mSQL (0.3ms)[0m  UPDATE "users" SET "last_request_at" = $1, "perishable_token" = $2, "updated_at" = $3 WHERE "users"."id" = $4  [["last_request_at", "2016-08-25 17:58:42.014391"], ["perishable_token", "hXE5w7kZGXx9nwIs1im9"], ["updated_at", "2016-08-25 17:58:42.015384"], ["id", 1]]
  [1m[36m (1.4ms)[0m  [1mCOMMIT[0m
  Rendered images/show.html.erb within layouts/application (25.0ms)
Completed 200 OK in 47ms (Views: 42.7ms | ActiveRecord: 3.5ms)


Started GET "/images/new" for ::1 at 2016-08-25 13:58:43 -0400
Processing by ImagesController#new as HTML
  [1m[35mUser Load (0.4ms)[0m  SELECT  "users".* FROM "users" WHERE "users"."id" = $1 LIMIT 1  [["id", 1]]
  [1m[36m (0.2ms)[0m  [1mBEGIN[0m
  [1m[35mSQL (0.3ms)[0m  UPDATE "users" SET "last_request_at" = $1, "perishable_token" = $2, "updated_at" = $3 WHERE "users"."id" = $4  [["last_request_at", "2016-08-25 17:58:43.484016"], ["perishable_token", "hXyRDF30l5diFmR5E26k"], ["updated_at", "2016-08-25 17:58:43.484736"], ["id", 1]]
  [1m[36m (0.4ms)[0m  [1mCOMMIT[0m
  Rendered images/_form.html.erb (25.6ms)
  Rendered images/new.html.erb within layouts/application (32.4ms)
Completed 200 OK in 67ms (Views: 57.5ms | ActiveRecord: 1.3ms)


Started POST "/images" for ::1 at 2016-08-25 13:58:51 -0400
Processing by ImagesController#create as HTML
  Parameters: {"utf8"=>"✓", "authenticity_token"=>"CW10Kw3bl32eHmdNSJGNLffMQ175tnKyS8A017zcr7u8eDLDp3JBul/gHpaFfKwp0w3wRE7BA6VTb9KsOII4kg==", "image"=>{"file"=>#<ActionDispatch::Http::UploadedFile:0x007ffd976ad2a8 @tempfile=#<Tempfile:/var/folders/f_/ph4jst2d2tl51tjldl5rgyh80000gn/T/RackMultipart20160825-38975-1vnrfss.jpeg>, @original_filename="all.jpeg", @content_type="image/jpeg", @headers="Content-Disposition: form-data; name=\"image[file]\"; filename=\"all.jpeg\"\r\nContent-Type: image/jpeg\r\n">}, "commit"=>"Create Image"}
  [1m[35mUser Load (0.3ms)[0m  SELECT  "users".* FROM "users" WHERE "users"."id" = $1 LIMIT 1  [["id", 1]]
  [1m[36m (0.2ms)[0m  [1mBEGIN[0m
  [1m[35mSQL (0.4ms)[0m  UPDATE "users" SET "last_request_at" = $1, "perishable_token" = $2, "updated_at" = $3 WHERE "users"."id" = $4  [["last_request_at", "2016-08-25 17:58:51.869324"], ["perishable_token", "RWeQetJwdO6MCS80bNX"], ["updated_at", "2016-08-25 17:58:51.870647"], ["id", 1]]
  [1m[36m (6.4ms)[0m  [1mCOMMIT[0m
Command :: file -b --mime '/var/folders/f_/ph4jst2d2tl51tjldl5rgyh80000gn/T/a181a603769c1f98ad927e7367c7aa5120160825-38975-19k60y7.jpeg'
Command :: identify -format '%wx%h,%[exif:orientation]' '/var/folders/f_/ph4jst2d2tl51tjldl5rgyh80000gn/T/a181a603769c1f98ad927e7367c7aa5120160825-38975-134jopp.jpeg[0]' 2>/dev/null
Command :: identify -format %m '/var/folders/f_/ph4jst2d2tl51tjldl5rgyh80000gn/T/a181a603769c1f98ad927e7367c7aa5120160825-38975-134jopp.jpeg[0]'
Command :: convert '/var/folders/f_/ph4jst2d2tl51tjldl5rgyh80000gn/T/a181a603769c1f98ad927e7367c7aa5120160825-38975-134jopp.jpeg[0]' -auto-orient -resize "200x200>" '/var/folders/f_/ph4jst2d2tl51tjldl5rgyh80000gn/T/9b757d66b58495d8428e77307286332e20160825-38975-u6uwjf'
  [1m[35m (0.2ms)[0m  BEGIN
Command :: file -b --mime '/var/folders/f_/ph4jst2d2tl51tjldl5rgyh80000gn/T/a181a603769c1f98ad927e7367c7aa5120160825-38975-dhlsl1.jpeg'
  [1m[36mSQL (0.4ms)[0m  [1mINSERT INTO "images" ("file_file_name", "file_content_type", "file_file_size", "file_updated_at", "created_at", "updated_at") VALUES ($1, $2, $3, $4, $5, $6) RETURNING "id"[0m  [["file_file_name", "all.jpeg"], ["file_content_type", "image/jpeg"], ["file_file_size", 145819], ["file_updated_at", "2016-08-25 17:58:51.883282"], ["created_at", "2016-08-25 17:58:52.005723"], ["updated_at", "2016-08-25 17:58:52.005723"]]
  [1m[35mActsAsTaggableOn::Tagging Load (0.3ms)[0m  SELECT "taggings".* FROM "taggings" WHERE "taggings"."taggable_id" = $1 AND "taggings"."taggable_type" = $2  [["taggable_id", 2], ["taggable_type", "Image"]]
  [1m[36m (6.1ms)[0m  [1mCOMMIT[0m
Redirected to http://localhost:3000/images/2/edit
Completed 302 Found in 156ms (ActiveRecord: 14.4ms)


Started GET "/images/2/edit" for ::1 at 2016-08-25 13:58:52 -0400
Processing by ImagesController#edit as HTML
  Parameters: {"id"=>"2"}
  [1m[35mImage Load (0.3ms)[0m  SELECT  "images".* FROM "images" WHERE "images"."id" = $1 LIMIT 1  [["id", 2]]
  [1m[36mUser Load (0.4ms)[0m  [1mSELECT  "users".* FROM "users" WHERE "users"."id" = $1 LIMIT 1[0m  [["id", 1]]
  [1m[35m (0.2ms)[0m  BEGIN
  [1m[36mSQL (0.3ms)[0m  [1mUPDATE "users" SET "last_request_at" = $1, "perishable_token" = $2, "updated_at" = $3 WHERE "users"."id" = $4[0m  [["last_request_at", "2016-08-25 17:58:52.036051"], ["perishable_token", "2yPLkb9LyhyKfPrcr7o3"], ["updated_at", "2016-08-25 17:58:52.037145"], ["id", 1]]
  [1m[35m (6.1ms)[0m  COMMIT
  [1m[36mActsAsTaggableOn::Tagging Load (0.4ms)[0m  [1mSELECT "taggings".* FROM "taggings" WHERE "taggings"."taggable_id" = $1 AND "taggings"."taggable_type" = $2[0m  [["taggable_id", 2], ["taggable_type", "Image"]]
  [1m[35mActsAsTaggableOn::Tag Load (0.4ms)[0m  SELECT "tags".* FROM "tags" INNER JOIN "taggings" ON "tags"."id" = "taggings"."tag_id" WHERE "taggings"."taggable_id" = $1 AND "taggings"."taggable_type" = $2 AND (taggings.context = 'tags' AND taggings.tagger_id IS NULL)  [["taggable_id", 2], ["taggable_type", "Image"]]
  Rendered images/edit.html.erb within layouts/application (10.1ms)
Completed 200 OK in 43ms (Views: 25.8ms | ActiveRecord: 8.1ms)


Started GET "/images/2/toggle_tag?tag=Moon" for ::1 at 2016-08-25 13:58:56 -0400
Processing by ImagesController#toggle_tag as */*
  Parameters: {"tag"=>"Moon", "id"=>"2"}
  [1m[36mImage Load (0.3ms)[0m  [1mSELECT  "images".* FROM "images" WHERE "images"."id" = $1 LIMIT 1[0m  [["id", 2]]
  [1m[35mUser Load (0.3ms)[0m  SELECT  "users".* FROM "users" WHERE "users"."id" = $1 LIMIT 1  [["id", 1]]
  [1m[36m (0.2ms)[0m  [1mBEGIN[0m
  [1m[35mSQL (0.3ms)[0m  UPDATE "users" SET "last_request_at" = $1, "perishable_token" = $2, "updated_at" = $3 WHERE "users"."id" = $4  [["last_request_at", "2016-08-25 17:58:56.350311"], ["perishable_token", "RVixVuSTJcPgdwgz3zR"], ["updated_at", "2016-08-25 17:58:56.350979"], ["id", 1]]
  [1m[36m (1.2ms)[0m  [1mCOMMIT[0m
  [1m[35mActsAsTaggableOn::Tagging Load (0.3ms)[0m  SELECT "taggings".* FROM "taggings" WHERE "taggings"."taggable_id" = $1 AND "taggings"."taggable_type" = $2  [["taggable_id", 2], ["taggable_type", "Image"]]
  [1m[36mActsAsTaggableOn::Tag Load (0.4ms)[0m  [1mSELECT "tags".* FROM "tags" INNER JOIN "taggings" ON "tags"."id" = "taggings"."tag_id" WHERE "taggings"."taggable_id" = $1 AND "taggings"."taggable_type" = $2 AND (taggings.context = 'tags' AND taggings.tagger_id IS NULL)[0m  [["taggable_id", 2], ["taggable_type", "Image"]]
  [1m[35m (0.2ms)[0m  BEGIN
  [1m[36mActsAsTaggableOn::Tag Load (0.4ms)[0m  [1mSELECT "tags".* FROM "tags" WHERE (LOWER(name) = LOWER('moon'))[0m
  [1m[35mActsAsTaggableOn::Tag Exists (0.4ms)[0m  SELECT  1 AS one FROM "tags" WHERE "tags"."name" = 'moon' LIMIT 1
  [1m[36mSQL (0.5ms)[0m  [1mINSERT INTO "tags" ("name") VALUES ($1) RETURNING "id"[0m  [["name", "moon"]]
  [1m[35mActsAsTaggableOn::Tag Load (0.4ms)[0m  SELECT "tags".* FROM "tags" INNER JOIN "taggings" ON "tags"."id" = "taggings"."tag_id" WHERE "taggings"."taggable_id" = $1 AND "taggings"."taggable_type" = $2 AND (taggings.context = 'tags' AND taggings.tagger_id IS NULL)  [["taggable_id", 2], ["taggable_type", "Image"]]
  [1m[36mActsAsTaggableOn::Tagging Exists (0.5ms)[0m  [1mSELECT  1 AS one FROM "taggings" WHERE ("taggings"."tag_id" = 7 AND "taggings"."taggable_type" = 'Image' AND "taggings"."taggable_id" = 2 AND "taggings"."context" = 'tags' AND "taggings"."tagger_id" IS NULL AND "taggings"."tagger_type" IS NULL) LIMIT 1[0m
  [1m[35mSQL (0.4ms)[0m  INSERT INTO "taggings" ("tag_id", "context", "taggable_id", "taggable_type", "created_at") VALUES ($1, $2, $3, $4, $5) RETURNING "id"  [["tag_id", 7], ["context", "tags"], ["taggable_id", 2], ["taggable_type", "Image"], ["created_at", "2016-08-25 17:58:56.375540"]]
  [1m[36mActsAsTaggableOn::Tag Load (0.3ms)[0m  [1mSELECT  "tags".* FROM "tags" WHERE "tags"."id" = $1 LIMIT 1[0m  [["id", 7]]
  [1m[35mSQL (0.2ms)[0m  UPDATE "tags" SET "taggings_count" = COALESCE("taggings_count", 0) + 1 WHERE "tags"."id" = $1  [["id", 7]]
  [1m[36m (5.9ms)[0m  [1mCOMMIT[0m
  Rendered text template (0.0ms)
Completed 200 OK in 44ms (Views: 2.1ms | ActiveRecord: 12.0ms)


Started GET "/images/2/toggle_tag?tag=Mercury" for ::1 at 2016-08-25 13:58:56 -0400
Processing by ImagesController#toggle_tag as */*
  Parameters: {"tag"=>"Mercury", "id"=>"2"}
  [1m[35mImage Load (0.3ms)[0m  SELECT  "images".* FROM "images" WHERE "images"."id" = $1 LIMIT 1  [["id", 2]]
  [1m[36mUser Load (0.3ms)[0m  [1mSELECT  "users".* FROM "users" WHERE "users"."id" = $1 LIMIT 1[0m  [["id", 1]]
  [1m[35m (0.2ms)[0m  BEGIN
  [1m[36mSQL (0.3ms)[0m  [1mUPDATE "users" SET "last_request_at" = $1, "perishable_token" = $2, "updated_at" = $3 WHERE "users"."id" = $4[0m  [["last_request_at", "2016-08-25 17:58:56.760566"], ["perishable_token", "tNlX0vPJbaLotCLLf0sq"], ["updated_at", "2016-08-25 17:58:56.761437"], ["id", 1]]
  [1m[35m (1.3ms)[0m  COMMIT
  [1m[36mActsAsTaggableOn::Tagging Load (0.3ms)[0m  [1mSELECT "taggings".* FROM "taggings" WHERE "taggings"."taggable_id" = $1 AND "taggings"."taggable_type" = $2[0m  [["taggable_id", 2], ["taggable_type", "Image"]]
  [1m[35mActsAsTaggableOn::Tag Load (0.4ms)[0m  SELECT "tags".* FROM "tags" INNER JOIN "taggings" ON "tags"."id" = "taggings"."tag_id" WHERE "taggings"."taggable_id" = $1 AND "taggings"."taggable_type" = $2 AND (taggings.context = 'tags' AND taggings.tagger_id IS NULL)  [["taggable_id", 2], ["taggable_type", "Image"]]
  [1m[36m (0.1ms)[0m  [1mBEGIN[0m
  [1m[35mActsAsTaggableOn::Tag Load (0.4ms)[0m  SELECT "tags".* FROM "tags" WHERE (LOWER(name) = LOWER('moon') OR LOWER(name) = LOWER('mercury'))
  [1m[36mActsAsTaggableOn::Tag Exists (0.3ms)[0m  [1mSELECT  1 AS one FROM "tags" WHERE "tags"."name" = 'mercury' LIMIT 1[0m
  [1m[35mSQL (0.2ms)[0m  INSERT INTO "tags" ("name") VALUES ($1) RETURNING "id"  [["name", "mercury"]]
  [1m[36mActsAsTaggableOn::Tag Load (0.3ms)[0m  [1mSELECT "tags".* FROM "tags" INNER JOIN "taggings" ON "tags"."id" = "taggings"."tag_id" WHERE "taggings"."taggable_id" = $1 AND "taggings"."taggable_type" = $2 AND (taggings.context = 'tags' AND taggings.tagger_id IS NULL)[0m  [["taggable_id", 2], ["taggable_type", "Image"]]
  [1m[35mActsAsTaggableOn::Tagging Exists (0.4ms)[0m  SELECT  1 AS one FROM "taggings" WHERE ("taggings"."tag_id" = 8 AND "taggings"."taggable_type" = 'Image' AND "taggings"."taggable_id" = 2 AND "taggings"."context" = 'tags' AND "taggings"."tagger_id" IS NULL AND "taggings"."tagger_type" IS NULL) LIMIT 1
  [1m[36mSQL (0.3ms)[0m  [1mINSERT INTO "taggings" ("tag_id", "context", "taggable_id", "taggable_type", "created_at") VALUES ($1, $2, $3, $4, $5) RETURNING "id"[0m  [["tag_id", 8], ["context", "tags"], ["taggable_id", 2], ["taggable_type", "Image"], ["created_at", "2016-08-25 17:58:56.776796"]]
  [1m[35mActsAsTaggableOn::Tag Load (0.2ms)[0m  SELECT  "tags".* FROM "tags" WHERE "tags"."id" = $1 LIMIT 1  [["id", 8]]
  [1m[36mSQL (0.3ms)[0m  [1mUPDATE "tags" SET "taggings_count" = COALESCE("taggings_count", 0) + 1 WHERE "tags"."id" = $1[0m  [["id", 8]]
  [1m[35mActsAsTaggableOn::Tag Load (0.4ms)[0m  SELECT "tags".* FROM "tags" WHERE (LOWER(name) = LOWER('moon') OR LOWER(name) = LOWER('mercury'))
  [1m[36mActsAsTaggableOn::Tag Load (0.2ms)[0m  [1mSELECT "tags".* FROM "tags" INNER JOIN "taggings" ON "tags"."id" = "taggings"."tag_id" WHERE "taggings"."taggable_id" = $1 AND "taggings"."taggable_type" = $2 AND (taggings.context = 'tags' AND taggings.tagger_id IS NULL)[0m  [["taggable_id", 2], ["taggable_type", "Image"]]
  [1m[35m (0.4ms)[0m  COMMIT
  Rendered text template (0.0ms)
Completed 200 OK in 29ms (Views: 0.3ms | ActiveRecord: 6.6ms)


Started GET "/images/2/toggle_tag?tag=Mars" for ::1 at 2016-08-25 13:58:57 -0400
Processing by ImagesController#toggle_tag as */*
  Parameters: {"tag"=>"Mars", "id"=>"2"}
  [1m[36mImage Load (0.3ms)[0m  [1mSELECT  "images".* FROM "images" WHERE "images"."id" = $1 LIMIT 1[0m  [["id", 2]]
  [1m[35mUser Load (0.4ms)[0m  SELECT  "users".* FROM "users" WHERE "users"."id" = $1 LIMIT 1  [["id", 1]]
  [1m[36m (0.2ms)[0m  [1mBEGIN[0m
  [1m[35mSQL (0.3ms)[0m  UPDATE "users" SET "last_request_at" = $1, "perishable_token" = $2, "updated_at" = $3 WHERE "users"."id" = $4  [["last_request_at", "2016-08-25 17:58:57.169658"], ["perishable_token", "WWOClcrkpN0nTd38j7a"], ["updated_at", "2016-08-25 17:58:57.170546"], ["id", 1]]
  [1m[36m (1.2ms)[0m  [1mCOMMIT[0m
  [1m[35mActsAsTaggableOn::Tagging Load (0.2ms)[0m  SELECT "taggings".* FROM "taggings" WHERE "taggings"."taggable_id" = $1 AND "taggings"."taggable_type" = $2  [["taggable_id", 2], ["taggable_type", "Image"]]
  [1m[36mActsAsTaggableOn::Tag Load (0.3ms)[0m  [1mSELECT "tags".* FROM "tags" INNER JOIN "taggings" ON "tags"."id" = "taggings"."tag_id" WHERE "taggings"."taggable_id" = $1 AND "taggings"."taggable_type" = $2 AND (taggings.context = 'tags' AND taggings.tagger_id IS NULL)[0m  [["taggable_id", 2], ["taggable_type", "Image"]]
  [1m[35m (0.2ms)[0m  BEGIN
  [1m[36mActsAsTaggableOn::Tag Load (0.4ms)[0m  [1mSELECT "tags".* FROM "tags" WHERE (LOWER(name) = LOWER('mercury') OR LOWER(name) = LOWER('moon') OR LOWER(name) = LOWER('mars'))[0m
  [1m[35mActsAsTaggableOn::Tag Exists (0.4ms)[0m  SELECT  1 AS one FROM "tags" WHERE "tags"."name" = 'mars' LIMIT 1
  [1m[36mSQL (0.3ms)[0m  [1mINSERT INTO "tags" ("name") VALUES ($1) RETURNING "id"[0m  [["name", "mars"]]
  [1m[35mActsAsTaggableOn::Tag Load (0.3ms)[0m  SELECT "tags".* FROM "tags" INNER JOIN "taggings" ON "tags"."id" = "taggings"."tag_id" WHERE "taggings"."taggable_id" = $1 AND "taggings"."taggable_type" = $2 AND (taggings.context = 'tags' AND taggings.tagger_id IS NULL)  [["taggable_id", 2], ["taggable_type", "Image"]]
  [1m[36mActsAsTaggableOn::Tagging Exists (0.4ms)[0m  [1mSELECT  1 AS one FROM "taggings" WHERE ("taggings"."tag_id" = 9 AND "taggings"."taggable_type" = 'Image' AND "taggings"."taggable_id" = 2 AND "taggings"."context" = 'tags' AND "taggings"."tagger_id" IS NULL AND "taggings"."tagger_type" IS NULL) LIMIT 1[0m
  [1m[35mSQL (0.3ms)[0m  INSERT INTO "taggings" ("tag_id", "context", "taggable_id", "taggable_type", "created_at") VALUES ($1, $2, $3, $4, $5) RETURNING "id"  [["tag_id", 9], ["context", "tags"], ["taggable_id", 2], ["taggable_type", "Image"], ["created_at", "2016-08-25 17:58:57.193546"]]
  [1m[36mActsAsTaggableOn::Tag Load (0.3ms)[0m  [1mSELECT  "tags".* FROM "tags" WHERE "tags"."id" = $1 LIMIT 1[0m  [["id", 9]]
  [1m[35mSQL (0.3ms)[0m  UPDATE "tags" SET "taggings_count" = COALESCE("taggings_count", 0) + 1 WHERE "tags"."id" = $1  [["id", 9]]
  [1m[36mActsAsTaggableOn::Tag Load (0.4ms)[0m  [1mSELECT "tags".* FROM "tags" WHERE (LOWER(name) = LOWER('mercury') OR LOWER(name) = LOWER('moon') OR LOWER(name) = LOWER('mars'))[0m
  [1m[35mActsAsTaggableOn::Tag Load (0.2ms)[0m  SELECT "tags".* FROM "tags" INNER JOIN "taggings" ON "tags"."id" = "taggings"."tag_id" WHERE "taggings"."taggable_id" = $1 AND "taggings"."taggable_type" = $2 AND (taggings.context = 'tags' AND taggings.tagger_id IS NULL)  [["taggable_id", 2], ["taggable_type", "Image"]]
  [1m[36m (0.4ms)[0m  [1mCOMMIT[0m
  Rendered text template (0.0ms)
Completed 200 OK in 35ms (Views: 0.4ms | ActiveRecord: 6.5ms)


Started GET "/images/2/toggle_tag?tag=Jupiter" for ::1 at 2016-08-25 13:58:57 -0400
Processing by ImagesController#toggle_tag as */*
  Parameters: {"tag"=>"Jupiter", "id"=>"2"}
  [1m[35mImage Load (0.3ms)[0m  SELECT  "images".* FROM "images" WHERE "images"."id" = $1 LIMIT 1  [["id", 2]]
  [1m[36mUser Load (0.3ms)[0m  [1mSELECT  "users".* FROM "users" WHERE "users"."id" = $1 LIMIT 1[0m  [["id", 1]]
  [1m[35m (0.2ms)[0m  BEGIN
  [1m[36mSQL (0.2ms)[0m  [1mUPDATE "users" SET "last_request_at" = $1, "perishable_token" = $2, "updated_at" = $3 WHERE "users"."id" = $4[0m  [["last_request_at", "2016-08-25 17:58:57.582828"], ["perishable_token", "UcLV3M5ZZZEet9EBIB"], ["updated_at", "2016-08-25 17:58:57.583614"], ["id", 1]]
  [1m[35m (1.2ms)[0m  COMMIT
  [1m[36mActsAsTaggableOn::Tagging Load (0.3ms)[0m  [1mSELECT "taggings".* FROM "taggings" WHERE "taggings"."taggable_id" = $1 AND "taggings"."taggable_type" = $2[0m  [["taggable_id", 2], ["taggable_type", "Image"]]
  [1m[35mActsAsTaggableOn::Tag Load (0.3ms)[0m  SELECT "tags".* FROM "tags" INNER JOIN "taggings" ON "tags"."id" = "taggings"."tag_id" WHERE "taggings"."taggable_id" = $1 AND "taggings"."taggable_type" = $2 AND (taggings.context = 'tags' AND taggings.tagger_id IS NULL)  [["taggable_id", 2], ["taggable_type", "Image"]]
  [1m[36m (0.2ms)[0m  [1mBEGIN[0m
  [1m[35mActsAsTaggableOn::Tag Load (0.4ms)[0m  SELECT "tags".* FROM "tags" WHERE (LOWER(name) = LOWER('mars') OR LOWER(name) = LOWER('mercury') OR LOWER(name) = LOWER('moon') OR LOWER(name) = LOWER('jupiter'))
  [1m[36mActsAsTaggableOn::Tag Exists (0.3ms)[0m  [1mSELECT  1 AS one FROM "tags" WHERE "tags"."name" = 'jupiter' LIMIT 1[0m
  [1m[35mSQL (0.2ms)[0m  INSERT INTO "tags" ("name") VALUES ($1) RETURNING "id"  [["name", "jupiter"]]
  [1m[36mActsAsTaggableOn::Tag Load (0.2ms)[0m  [1mSELECT "tags".* FROM "tags" INNER JOIN "taggings" ON "tags"."id" = "taggings"."tag_id" WHERE "taggings"."taggable_id" = $1 AND "taggings"."taggable_type" = $2 AND (taggings.context = 'tags' AND taggings.tagger_id IS NULL)[0m  [["taggable_id", 2], ["taggable_type", "Image"]]
  [1m[35mActsAsTaggableOn::Tagging Exists (0.4ms)[0m  SELECT  1 AS one FROM "taggings" WHERE ("taggings"."tag_id" = 10 AND "taggings"."taggable_type" = 'Image' AND "taggings"."taggable_id" = 2 AND "taggings"."context" = 'tags' AND "taggings"."tagger_id" IS NULL AND "taggings"."tagger_type" IS NULL) LIMIT 1
  [1m[36mSQL (0.3ms)[0m  [1mINSERT INTO "taggings" ("tag_id", "context", "taggable_id", "taggable_type", "created_at") VALUES ($1, $2, $3, $4, $5) RETURNING "id"[0m  [["tag_id", 10], ["context", "tags"], ["taggable_id", 2], ["taggable_type", "Image"], ["created_at", "2016-08-25 17:58:57.598534"]]
  [1m[35mActsAsTaggableOn::Tag Load (0.2ms)[0m  SELECT  "tags".* FROM "tags" WHERE "tags"."id" = $1 LIMIT 1  [["id", 10]]
  [1m[36mSQL (0.3ms)[0m  [1mUPDATE "tags" SET "taggings_count" = COALESCE("taggings_count", 0) + 1 WHERE "tags"."id" = $1[0m  [["id", 10]]
  [1m[35mActsAsTaggableOn::Tag Load (0.4ms)[0m  SELECT "tags".* FROM "tags" WHERE (LOWER(name) = LOWER('mars') OR LOWER(name) = LOWER('mercury') OR LOWER(name) = LOWER('moon') OR LOWER(name) = LOWER('jupiter'))
  [1m[36mActsAsTaggableOn::Tag Load (0.3ms)[0m  [1mSELECT "tags".* FROM "tags" INNER JOIN "taggings" ON "tags"."id" = "taggings"."tag_id" WHERE "taggings"."taggable_id" = $1 AND "taggings"."taggable_type" = $2 AND (taggings.context = 'tags' AND taggings.tagger_id IS NULL)[0m  [["taggable_id", 2], ["taggable_type", "Image"]]
  [1m[35m (0.4ms)[0m  COMMIT
  Rendered text template (0.0ms)
Completed 200 OK in 27ms (Views: 0.5ms | ActiveRecord: 6.2ms)


Started GET "/images/2/toggle_tag?tag=Venus" for ::1 at 2016-08-25 13:58:58 -0400
Processing by ImagesController#toggle_tag as */*
  Parameters: {"tag"=>"Venus", "id"=>"2"}
  [1m[36mImage Load (0.4ms)[0m  [1mSELECT  "images".* FROM "images" WHERE "images"."id" = $1 LIMIT 1[0m  [["id", 2]]
  [1m[35mUser Load (0.3ms)[0m  SELECT  "users".* FROM "users" WHERE "users"."id" = $1 LIMIT 1  [["id", 1]]
  [1m[36m (0.2ms)[0m  [1mBEGIN[0m
  [1m[35mSQL (0.2ms)[0m  UPDATE "users" SET "last_request_at" = $1, "perishable_token" = $2, "updated_at" = $3 WHERE "users"."id" = $4  [["last_request_at", "2016-08-25 17:58:58.546389"], ["perishable_token", "kfuxGDwEQW8QCqAALI"], ["updated_at", "2016-08-25 17:58:58.547142"], ["id", 1]]
  [1m[36m (1.2ms)[0m  [1mCOMMIT[0m
  [1m[35mActsAsTaggableOn::Tagging Load (0.2ms)[0m  SELECT "taggings".* FROM "taggings" WHERE "taggings"."taggable_id" = $1 AND "taggings"."taggable_type" = $2  [["taggable_id", 2], ["taggable_type", "Image"]]
  [1m[36mActsAsTaggableOn::Tag Load (0.3ms)[0m  [1mSELECT "tags".* FROM "tags" INNER JOIN "taggings" ON "tags"."id" = "taggings"."tag_id" WHERE "taggings"."taggable_id" = $1 AND "taggings"."taggable_type" = $2 AND (taggings.context = 'tags' AND taggings.tagger_id IS NULL)[0m  [["taggable_id", 2], ["taggable_type", "Image"]]
  [1m[35m (0.1ms)[0m  BEGIN
  [1m[36mActsAsTaggableOn::Tag Load (0.3ms)[0m  [1mSELECT "tags".* FROM "tags" WHERE (LOWER(name) = LOWER('jupiter') OR LOWER(name) = LOWER('mars') OR LOWER(name) = LOWER('mercury') OR LOWER(name) = LOWER('moon') OR LOWER(name) = LOWER('venus'))[0m
  [1m[35mCACHE (0.0ms)[0m  SELECT "tags".* FROM "tags" INNER JOIN "taggings" ON "tags"."id" = "taggings"."tag_id" WHERE "taggings"."taggable_id" = $1 AND "taggings"."taggable_type" = $2 AND (taggings.context = 'tags' AND taggings.tagger_id IS NULL)  [["taggable_id", 2], ["taggable_type", "Image"]]
  [1m[36mActsAsTaggableOn::Tagging Exists (0.4ms)[0m  [1mSELECT  1 AS one FROM "taggings" WHERE ("taggings"."tag_id" = 1 AND "taggings"."taggable_type" = 'Image' AND "taggings"."taggable_id" = 2 AND "taggings"."context" = 'tags' AND "taggings"."tagger_id" IS NULL AND "taggings"."tagger_type" IS NULL) LIMIT 1[0m
  [1m[35mSQL (0.3ms)[0m  INSERT INTO "taggings" ("tag_id", "context", "taggable_id", "taggable_type", "created_at") VALUES ($1, $2, $3, $4, $5) RETURNING "id"  [["tag_id", 1], ["context", "tags"], ["taggable_id", 2], ["taggable_type", "Image"], ["created_at", "2016-08-25 17:58:58.558911"]]
  [1m[36mActsAsTaggableOn::Tag Load (0.2ms)[0m  [1mSELECT  "tags".* FROM "tags" WHERE "tags"."id" = $1 LIMIT 1[0m  [["id", 1]]
  [1m[35mSQL (0.3ms)[0m  UPDATE "tags" SET "taggings_count" = COALESCE("taggings_count", 0) + 1 WHERE "tags"."id" = $1  [["id", 1]]
  [1m[36mActsAsTaggableOn::Tag Load (0.3ms)[0m  [1mSELECT "tags".* FROM "tags" WHERE (LOWER(name) = LOWER('jupiter') OR LOWER(name) = LOWER('mars') OR LOWER(name) = LOWER('mercury') OR LOWER(name) = LOWER('moon') OR LOWER(name) = LOWER('venus'))[0m
  [1m[35mActsAsTaggableOn::Tag Load (0.2ms)[0m  SELECT "tags".* FROM "tags" INNER JOIN "taggings" ON "tags"."id" = "taggings"."tag_id" WHERE "taggings"."taggable_id" = $1 AND "taggings"."taggable_type" = $2 AND (taggings.context = 'tags' AND taggings.tagger_id IS NULL)  [["taggable_id", 2], ["taggable_type", "Image"]]
  [1m[36m (6.3ms)[0m  [1mCOMMIT[0m
  Rendered text template (0.0ms)
Completed 200 OK in 31ms (Views: 0.6ms | ActiveRecord: 11.5ms)


Started GET "/images/2/toggle_tag?tag=5+Girls" for ::1 at 2016-08-25 13:59:02 -0400
Processing by ImagesController#toggle_tag as */*
  Parameters: {"tag"=>"5 Girls", "id"=>"2"}
  [1m[35mImage Load (0.3ms)[0m  SELECT  "images".* FROM "images" WHERE "images"."id" = $1 LIMIT 1  [["id", 2]]
  [1m[36mUser Load (0.3ms)[0m  [1mSELECT  "users".* FROM "users" WHERE "users"."id" = $1 LIMIT 1[0m  [["id", 1]]
  [1m[35m (0.2ms)[0m  BEGIN
  [1m[36mSQL (0.3ms)[0m  [1mUPDATE "users" SET "last_request_at" = $1, "perishable_token" = $2, "updated_at" = $3 WHERE "users"."id" = $4[0m  [["last_request_at", "2016-08-25 17:59:02.084122"], ["perishable_token", "MDsq9Wmk8CTh6pu4ySN"], ["updated_at", "2016-08-25 17:59:02.084949"], ["id", 1]]
  [1m[35m (6.3ms)[0m  COMMIT
  [1m[36mActsAsTaggableOn::Tagging Load (0.3ms)[0m  [1mSELECT "taggings".* FROM "taggings" WHERE "taggings"."taggable_id" = $1 AND "taggings"."taggable_type" = $2[0m  [["taggable_id", 2], ["taggable_type", "Image"]]
  [1m[35mActsAsTaggableOn::Tag Load (0.3ms)[0m  SELECT "tags".* FROM "tags" INNER JOIN "taggings" ON "tags"."id" = "taggings"."tag_id" WHERE "taggings"."taggable_id" = $1 AND "taggings"."taggable_type" = $2 AND (taggings.context = 'tags' AND taggings.tagger_id IS NULL)  [["taggable_id", 2], ["taggable_type", "Image"]]
  [1m[36m (0.2ms)[0m  [1mBEGIN[0m
  [1m[35mActsAsTaggableOn::Tag Load (0.4ms)[0m  SELECT "tags".* FROM "tags" WHERE (LOWER(name) = LOWER('venus') OR LOWER(name) = LOWER('jupiter') OR LOWER(name) = LOWER('mars') OR LOWER(name) = LOWER('mercury') OR LOWER(name) = LOWER('moon') OR LOWER(name) = LOWER('5 girls'))
  [1m[36mActsAsTaggableOn::Tag Exists (0.3ms)[0m  [1mSELECT  1 AS one FROM "tags" WHERE "tags"."name" = '5 girls' LIMIT 1[0m
  [1m[35mSQL (0.2ms)[0m  INSERT INTO "tags" ("name") VALUES ($1) RETURNING "id"  [["name", "5 girls"]]
  [1m[36mActsAsTaggableOn::Tag Load (0.4ms)[0m  [1mSELECT "tags".* FROM "tags" INNER JOIN "taggings" ON "tags"."id" = "taggings"."tag_id" WHERE "taggings"."taggable_id" = $1 AND "taggings"."taggable_type" = $2 AND (taggings.context = 'tags' AND taggings.tagger_id IS NULL)[0m  [["taggable_id", 2], ["taggable_type", "Image"]]
  [1m[35mActsAsTaggableOn::Tagging Exists (0.4ms)[0m  SELECT  1 AS one FROM "taggings" WHERE ("taggings"."tag_id" = 11 AND "taggings"."taggable_type" = 'Image' AND "taggings"."taggable_id" = 2 AND "taggings"."context" = 'tags' AND "taggings"."tagger_id" IS NULL AND "taggings"."tagger_type" IS NULL) LIMIT 1
  [1m[36mSQL (0.3ms)[0m  [1mINSERT INTO "taggings" ("tag_id", "context", "taggable_id", "taggable_type", "created_at") VALUES ($1, $2, $3, $4, $5) RETURNING "id"[0m  [["tag_id", 11], ["context", "tags"], ["taggable_id", 2], ["taggable_type", "Image"], ["created_at", "2016-08-25 17:59:02.107696"]]
  [1m[35mActsAsTaggableOn::Tag Load (0.2ms)[0m  SELECT  "tags".* FROM "tags" WHERE "tags"."id" = $1 LIMIT 1  [["id", 11]]
  [1m[36mSQL (0.3ms)[0m  [1mUPDATE "tags" SET "taggings_count" = COALESCE("taggings_count", 0) + 1 WHERE "tags"."id" = $1[0m  [["id", 11]]
  [1m[35mActsAsTaggableOn::Tag Load (0.5ms)[0m  SELECT "tags".* FROM "tags" WHERE (LOWER(name) = LOWER('venus') OR LOWER(name) = LOWER('jupiter') OR LOWER(name) = LOWER('mars') OR LOWER(name) = LOWER('mercury') OR LOWER(name) = LOWER('moon') OR LOWER(name) = LOWER('5 girls'))
  [1m[36mActsAsTaggableOn::Tag Load (0.3ms)[0m  [1mSELECT "tags".* FROM "tags" INNER JOIN "taggings" ON "tags"."id" = "taggings"."tag_id" WHERE "taggings"."taggable_id" = $1 AND "taggings"."taggable_type" = $2 AND (taggings.context = 'tags' AND taggings.tagger_id IS NULL)[0m  [["taggable_id", 2], ["taggable_type", "Image"]]
  [1m[35m (5.1ms)[0m  COMMIT
  Rendered text template (0.0ms)
Completed 200 OK in 41ms (Views: 0.5ms | ActiveRecord: 16.3ms)


Started GET "/images/2/toggle_tag?tag=Sailormoon+R" for ::1 at 2016-08-25 13:59:03 -0400
Processing by ImagesController#toggle_tag as */*
  Parameters: {"tag"=>"Sailormoon R", "id"=>"2"}
  [1m[36mImage Load (0.3ms)[0m  [1mSELECT  "images".* FROM "images" WHERE "images"."id" = $1 LIMIT 1[0m  [["id", 2]]
  [1m[35mUser Load (0.3ms)[0m  SELECT  "users".* FROM "users" WHERE "users"."id" = $1 LIMIT 1  [["id", 1]]
  [1m[36m (0.1ms)[0m  [1mBEGIN[0m
  [1m[35mSQL (0.3ms)[0m  UPDATE "users" SET "last_request_at" = $1, "perishable_token" = $2, "updated_at" = $3 WHERE "users"."id" = $4  [["last_request_at", "2016-08-25 17:59:03.846170"], ["perishable_token", "cd9DgOXP9KqmgClH0KP"], ["updated_at", "2016-08-25 17:59:03.846841"], ["id", 1]]
  [1m[36m (6.4ms)[0m  [1mCOMMIT[0m
  [1m[35mActsAsTaggableOn::Tagging Load (0.4ms)[0m  SELECT "taggings".* FROM "taggings" WHERE "taggings"."taggable_id" = $1 AND "taggings"."taggable_type" = $2  [["taggable_id", 2], ["taggable_type", "Image"]]
  [1m[36mActsAsTaggableOn::Tag Load (0.3ms)[0m  [1mSELECT "tags".* FROM "tags" INNER JOIN "taggings" ON "tags"."id" = "taggings"."tag_id" WHERE "taggings"."taggable_id" = $1 AND "taggings"."taggable_type" = $2 AND (taggings.context = 'tags' AND taggings.tagger_id IS NULL)[0m  [["taggable_id", 2], ["taggable_type", "Image"]]
  [1m[35m (0.2ms)[0m  BEGIN
  [1m[36mActsAsTaggableOn::Tag Load (0.5ms)[0m  [1mSELECT "tags".* FROM "tags" WHERE (LOWER(name) = LOWER('5 girls') OR LOWER(name) = LOWER('venus') OR LOWER(name) = LOWER('jupiter') OR LOWER(name) = LOWER('mars') OR LOWER(name) = LOWER('mercury') OR LOWER(name) = LOWER('moon') OR LOWER(name) = LOWER('sailormoon r'))[0m
  [1m[35mCACHE (0.0ms)[0m  SELECT "tags".* FROM "tags" INNER JOIN "taggings" ON "tags"."id" = "taggings"."tag_id" WHERE "taggings"."taggable_id" = $1 AND "taggings"."taggable_type" = $2 AND (taggings.context = 'tags' AND taggings.tagger_id IS NULL)  [["taggable_id", 2], ["taggable_type", "Image"]]
  [1m[36mActsAsTaggableOn::Tagging Exists (0.4ms)[0m  [1mSELECT  1 AS one FROM "taggings" WHERE ("taggings"."tag_id" = 5 AND "taggings"."taggable_type" = 'Image' AND "taggings"."taggable_id" = 2 AND "taggings"."context" = 'tags' AND "taggings"."tagger_id" IS NULL AND "taggings"."tagger_type" IS NULL) LIMIT 1[0m
  [1m[35mSQL (0.3ms)[0m  INSERT INTO "taggings" ("tag_id", "context", "taggable_id", "taggable_type", "created_at") VALUES ($1, $2, $3, $4, $5) RETURNING "id"  [["tag_id", 5], ["context", "tags"], ["taggable_id", 2], ["taggable_type", "Image"], ["created_at", "2016-08-25 17:59:03.868431"]]
  [1m[36mActsAsTaggableOn::Tag Load (0.2ms)[0m  [1mSELECT  "tags".* FROM "tags" WHERE "tags"."id" = $1 LIMIT 1[0m  [["id", 5]]
  [1m[35mSQL (0.2ms)[0m  UPDATE "tags" SET "taggings_count" = COALESCE("taggings_count", 0) + 1 WHERE "tags"."id" = $1  [["id", 5]]
  [1m[36mActsAsTaggableOn::Tag Load (0.4ms)[0m  [1mSELECT "tags".* FROM "tags" WHERE (LOWER(name) = LOWER('5 girls') OR LOWER(name) = LOWER('venus') OR LOWER(name) = LOWER('jupiter') OR LOWER(name) = LOWER('mars') OR LOWER(name) = LOWER('mercury') OR LOWER(name) = LOWER('moon') OR LOWER(name) = LOWER('sailormoon r'))[0m
  [1m[35mActsAsTaggableOn::Tag Load (0.2ms)[0m  SELECT "tags".* FROM "tags" INNER JOIN "taggings" ON "tags"."id" = "taggings"."tag_id" WHERE "taggings"."taggable_id" = $1 AND "taggings"."taggable_type" = $2 AND (taggings.context = 'tags' AND taggings.tagger_id IS NULL)  [["taggable_id", 2], ["taggable_type", "Image"]]
  [1m[36m (0.4ms)[0m  [1mCOMMIT[0m
  Rendered text template (0.0ms)
Completed 200 OK in 35ms (Views: 0.3ms | ActiveRecord: 11.0ms)


Started GET "/images/2" for ::1 at 2016-08-25 13:59:13 -0400
Processing by ImagesController#show as HTML
  Parameters: {"id"=>"2"}
  [1m[35mImage Load (0.2ms)[0m  SELECT  "images".* FROM "images" WHERE "images"."id" = $1 LIMIT 1  [["id", 2]]
  [1m[36mActsAsTaggableOn::Tagging Load (0.2ms)[0m  [1mSELECT "taggings".* FROM "taggings" WHERE "taggings"."taggable_id" = $1 AND "taggings"."taggable_type" = $2[0m  [["taggable_id", 2], ["taggable_type", "Image"]]
  [1m[35mActsAsTaggableOn::Tag Load (0.3ms)[0m  SELECT "tags".* FROM "tags" INNER JOIN "taggings" ON "tags"."id" = "taggings"."tag_id" WHERE "taggings"."taggable_id" = $1 AND "taggings"."taggable_type" = $2 AND (taggings.context = 'tags' AND taggings.tagger_id IS NULL)  [["taggable_id", 2], ["taggable_type", "Image"]]
  [1m[36mUser Load (0.3ms)[0m  [1mSELECT  "users".* FROM "users" WHERE "users"."id" = $1 LIMIT 1[0m  [["id", 1]]
  [1m[35m (0.2ms)[0m  BEGIN
  [1m[36mSQL (0.2ms)[0m  [1mUPDATE "users" SET "last_request_at" = $1, "perishable_token" = $2, "updated_at" = $3 WHERE "users"."id" = $4[0m  [["last_request_at", "2016-08-25 17:59:13.783576"], ["perishable_token", "QfhmR3zCPUUlq8SIYSV"], ["updated_at", "2016-08-25 17:59:13.784314"], ["id", 1]]
  [1m[35m (0.4ms)[0m  COMMIT
  Rendered images/show.html.erb within layouts/application (11.1ms)
Completed 200 OK in 30ms (Views: 27.2ms | ActiveRecord: 1.8ms)


Started DELETE "/images/2" for ::1 at 2016-08-25 13:59:44 -0400
Processing by ImagesController#destroy as HTML
  Parameters: {"id"=>"2"}
Can't verify CSRF token authenticity
Completed 422 Unprocessable Entity in 0ms (ActiveRecord: 0.0ms)

ActionController::InvalidAuthenticityToken (ActionController::InvalidAuthenticityToken):
  actionpack (4.2.4) lib/action_controller/metal/request_forgery_protection.rb:181:in `handle_unverified_request'
  actionpack (4.2.4) lib/action_controller/metal/request_forgery_protection.rb:209:in `handle_unverified_request'
  actionpack (4.2.4) lib/action_controller/metal/request_forgery_protection.rb:204:in `verify_authenticity_token'
  activesupport (4.2.4) lib/active_support/callbacks.rb:432:in `block in make_lambda'
  activesupport (4.2.4) lib/active_support/callbacks.rb:164:in `call'
  activesupport (4.2.4) lib/active_support/callbacks.rb:164:in `block in halting'
  activesupport (4.2.4) lib/active_support/callbacks.rb:504:in `call'
  activesupport (4.2.4) lib/active_support/callbacks.rb:504:in `block in call'
  activesupport (4.2.4) lib/active_support/callbacks.rb:504:in `each'
  activesupport (4.2.4) lib/active_support/callbacks.rb:504:in `call'
  activesupport (4.2.4) lib/active_support/callbacks.rb:92:in `__run_callbacks__'
  activesupport (4.2.4) lib/active_support/callbacks.rb:778:in `_run_process_action_callbacks'
  activesupport (4.2.4) lib/active_support/callbacks.rb:81:in `run_callbacks'
  actionpack (4.2.4) lib/abstract_controller/callbacks.rb:19:in `process_action'
  actionpack (4.2.4) lib/action_controller/metal/rescue.rb:29:in `process_action'
  actionpack (4.2.4) lib/action_controller/metal/instrumentation.rb:32:in `block in process_action'
  activesupport (4.2.4) lib/active_support/notifications.rb:164:in `block in instrument'
  activesupport (4.2.4) lib/active_support/notifications/instrumenter.rb:20:in `instrument'
  activesupport (4.2.4) lib/active_support/notifications.rb:164:in `instrument'
  actionpack (4.2.4) lib/action_controller/metal/instrumentation.rb:30:in `process_action'
  actionpack (4.2.4) lib/action_controller/metal/params_wrapper.rb:250:in `process_action'
  activerecord (4.2.4) lib/active_record/railties/controller_runtime.rb:18:in `process_action'
  actionpack (4.2.4) lib/abstract_controller/base.rb:137:in `process'
  actionview (4.2.4) lib/action_view/rendering.rb:30:in `process'
  actionpack (4.2.4) lib/action_controller/metal.rb:196:in `dispatch'
  actionpack (4.2.4) lib/action_controller/metal/rack_delegation.rb:13:in `dispatch'
  actionpack (4.2.4) lib/action_controller/metal.rb:237:in `block in action'
  actionpack (4.2.4) lib/action_dispatch/routing/route_set.rb:76:in `call'
  actionpack (4.2.4) lib/action_dispatch/routing/route_set.rb:76:in `dispatch'
  actionpack (4.2.4) lib/action_dispatch/routing/route_set.rb:45:in `serve'
  actionpack (4.2.4) lib/action_dispatch/journey/router.rb:43:in `block in serve'
  actionpack (4.2.4) lib/action_dispatch/journey/router.rb:30:in `each'
  actionpack (4.2.4) lib/action_dispatch/journey/router.rb:30:in `serve'
  actionpack (4.2.4) lib/action_dispatch/routing/route_set.rb:821:in `call'
  rack (1.6.4) lib/rack/etag.rb:24:in `call'
  rack (1.6.4) lib/rack/conditionalget.rb:38:in `call'
  rack (1.6.4) lib/rack/head.rb:13:in `call'
  actionpack (4.2.4) lib/action_dispatch/middleware/params_parser.rb:27:in `call'
  actionpack (4.2.4) lib/action_dispatch/middleware/flash.rb:260:in `call'
  rack (1.6.4) lib/rack/session/abstract/id.rb:225:in `context'
  rack (1.6.4) lib/rack/session/abstract/id.rb:220:in `call'
  actionpack (4.2.4) lib/action_dispatch/middleware/cookies.rb:560:in `call'
  activerecord (4.2.4) lib/active_record/query_cache.rb:36:in `call'
  activerecord (4.2.4) lib/active_record/connection_adapters/abstract/connection_pool.rb:653:in `call'
  activerecord (4.2.4) lib/active_record/migration.rb:377:in `call'
  actionpack (4.2.4) lib/action_dispatch/middleware/callbacks.rb:29:in `block in call'
  activesupport (4.2.4) lib/active_support/callbacks.rb:88:in `__run_callbacks__'
  activesupport (4.2.4) lib/active_support/callbacks.rb:778:in `_run_call_callbacks'
  activesupport (4.2.4) lib/active_support/callbacks.rb:81:in `run_callbacks'
  actionpack (4.2.4) lib/action_dispatch/middleware/callbacks.rb:27:in `call'
  actionpack (4.2.4) lib/action_dispatch/middleware/reloader.rb:73:in `call'
  actionpack (4.2.4) lib/action_dispatch/middleware/remote_ip.rb:78:in `call'
  actionpack (4.2.4) lib/action_dispatch/middleware/debug_exceptions.rb:17:in `call'
  actionpack (4.2.4) lib/action_dispatch/middleware/show_exceptions.rb:30:in `call'
  railties (4.2.4) lib/rails/rack/logger.rb:38:in `call_app'
  railties (4.2.4) lib/rails/rack/logger.rb:20:in `block in call'
  activesupport (4.2.4) lib/active_support/tagged_logging.rb:68:in `block in tagged'
  activesupport (4.2.4) lib/active_support/tagged_logging.rb:26:in `tagged'
  activesupport (4.2.4) lib/active_support/tagged_logging.rb:68:in `tagged'
  railties (4.2.4) lib/rails/rack/logger.rb:20:in `call'
  request_store (1.3.1) lib/request_store/middleware.rb:9:in `call'
  actionpack (4.2.4) lib/action_dispatch/middleware/request_id.rb:21:in `call'
  rack (1.6.4) lib/rack/methodoverride.rb:22:in `call'
  rack (1.6.4) lib/rack/runtime.rb:18:in `call'
  activesupport (4.2.4) lib/active_support/cache/strategy/local_cache_middleware.rb:28:in `call'
  rack (1.6.4) lib/rack/lock.rb:17:in `call'
  actionpack (4.2.4) lib/action_dispatch/middleware/static.rb:116:in `call'
  rack (1.6.4) lib/rack/sendfile.rb:113:in `call'
  railties (4.2.4) lib/rails/engine.rb:518:in `call'
  railties (4.2.4) lib/rails/application.rb:165:in `call'
  rack (1.6.4) lib/rack/lock.rb:17:in `call'
  rack (1.6.4) lib/rack/content_length.rb:15:in `call'
  rack (1.6.4) lib/rack/handler/webrick.rb:88:in `service'
  /Users/nicolebeguesse/.rvm/rubies/ruby-2.2.1/lib/ruby/2.2.0/webrick/httpserver.rb:138:in `service'
  /Users/nicolebeguesse/.rvm/rubies/ruby-2.2.1/lib/ruby/2.2.0/webrick/httpserver.rb:94:in `run'
  /Users/nicolebeguesse/.rvm/rubies/ruby-2.2.1/lib/ruby/2.2.0/webrick/server.rb:294:in `block in start_thread'


  Rendered /Users/nicolebeguesse/.rvm/gems/ruby-2.2.1/gems/actionpack-4.2.4/lib/action_dispatch/middleware/templates/rescues/_source.erb (6.0ms)
  Rendered /Users/nicolebeguesse/.rvm/gems/ruby-2.2.1/gems/actionpack-4.2.4/lib/action_dispatch/middleware/templates/rescues/_trace.html.erb (4.5ms)
  Rendered /Users/nicolebeguesse/.rvm/gems/ruby-2.2.1/gems/actionpack-4.2.4/lib/action_dispatch/middleware/templates/rescues/_request_and_response.html.erb (1.9ms)
  Rendered /Users/nicolebeguesse/.rvm/gems/ruby-2.2.1/gems/actionpack-4.2.4/lib/action_dispatch/middleware/templates/rescues/diagnostics.html.erb within rescues/layout (51.9ms)


Started DELETE "/images/2" for ::1 at 2016-08-25 14:01:27 -0400
Processing by ImagesController#destroy as HTML
  Parameters: {"id"=>"2"}
Can't verify CSRF token authenticity
  [1m[36mImage Load (0.2ms)[0m  [1mSELECT  "images".* FROM "images" WHERE "images"."id" = $1 LIMIT 1[0m  [["id", 2]]
Redirected to http://localhost:3000/users/new
Filter chain halted as :require_user rendered or redirected
Completed 302 Found in 26ms (ActiveRecord: 3.6ms)


Started GET "/users/new" for ::1 at 2016-08-25 14:01:28 -0400
Processing by UsersController#new as HTML
  Rendered users/_form.html.erb (4.6ms)
  Rendered users/new.html.erb within layouts/application (6.1ms)
Completed 200 OK in 34ms (Views: 19.5ms | ActiveRecord: 0.0ms)


Started GET "/" for ::1 at 2016-08-25 14:01:35 -0400
Processing by PagesController#welcome as HTML
  [1m[35mActsAsTaggableOn::Tag Load (0.6ms)[0m  SELECT  "tags".* FROM "tags"  ORDER BY taggings_count desc LIMIT 50
  Rendered pages/welcome.html.erb within layouts/application (5.3ms)
Completed 200 OK in 17ms (Views: 16.5ms | ActiveRecord: 0.6ms)


Started GET "/login" for ::1 at 2016-08-25 14:01:40 -0400
Processing by UserSessionsController#new as HTML
  Rendered user_sessions/_login_form.html.erb (3.4ms)
  Rendered user_sessions/new.html.erb within layouts/application (5.1ms)
Completed 200 OK in 18ms (Views: 18.0ms | ActiveRecord: 0.0ms)


Started POST "/user_sessions?secure=false" for ::1 at 2016-08-25 14:01:45 -0400
Processing by UserSessionsController#create as HTML
  Parameters: {"utf8"=>"✓", "authenticity_token"=>"QvfAAQvnO1OG8SAEz4Ct31SAM+g6XHm1BbamNeQ9/H734obpoU7tlEcPWd8CbYzbcEGA8o0rCKIdGUBOYGNrVw==", "user_session"=>{"email"=>"nicole@highlinesale.com", "password"=>"[FILTERED]", "remember_me"=>"true"}, "secure"=>"false"}
  [1m[36mUser Load (0.5ms)[0m  [1mSELECT  "users".* FROM "users" WHERE LOWER("users"."email") = LOWER('nicole@highlinesale.com')  ORDER BY "users"."id" ASC LIMIT 1[0m
  [1m[35m (0.2ms)[0m  BEGIN
  [1m[36mSQL (0.3ms)[0m  [1mUPDATE "users" SET "login_count" = $1, "last_login_at" = $2, "current_login_at" = $3, "last_request_at" = $4, "perishable_token" = $5, "updated_at" = $6 WHERE "users"."id" = $7[0m  [["login_count", 4], ["last_login_at", "2016-08-25 15:27:42.398334"], ["current_login_at", "2016-08-25 18:01:45.982690"], ["last_request_at", "2016-08-25 18:01:45.982964"], ["perishable_token", "xTK7l3AHuz1GqtQHoOv"], ["updated_at", "2016-08-25 18:01:45.985795"], ["id", 1]]
  [1m[35m (5.8ms)[0m  COMMIT
Redirected to http://localhost:3000/images/new
Completed 302 Found in 78ms (ActiveRecord: 6.8ms)


Started GET "/images/new" for ::1 at 2016-08-25 14:01:46 -0400
Processing by ImagesController#new as HTML
  [1m[36mUser Load (0.3ms)[0m  [1mSELECT  "users".* FROM "users" WHERE "users"."id" = $1 LIMIT 1[0m  [["id", 1]]
  [1m[35m (0.2ms)[0m  BEGIN
  [1m[36mSQL (0.2ms)[0m  [1mUPDATE "users" SET "last_request_at" = $1, "perishable_token" = $2, "updated_at" = $3 WHERE "users"."id" = $4[0m  [["last_request_at", "2016-08-25 18:01:46.006864"], ["perishable_token", "wLXPizBFK4bJGI1cL89W"], ["updated_at", "2016-08-25 18:01:46.007536"], ["id", 1]]
  [1m[35m (0.4ms)[0m  COMMIT
  Rendered images/_form.html.erb (1.2ms)
  Rendered images/new.html.erb within layouts/application (2.0ms)
Completed 200 OK in 20ms (Views: 13.9ms | ActiveRecord: 1.1ms)


Started GET "/images" for ::1 at 2016-08-25 14:01:52 -0400
Processing by ImagesController#index as HTML
Redirected to http://localhost:3000/
Completed 302 Found in 1ms (ActiveRecord: 0.0ms)


Started GET "/" for ::1 at 2016-08-25 14:01:52 -0400
Processing by PagesController#welcome as HTML
  [1m[36mActsAsTaggableOn::Tag Load (0.3ms)[0m  [1mSELECT  "tags".* FROM "tags"  ORDER BY taggings_count desc LIMIT 50[0m
  Rendered pages/welcome.html.erb within layouts/application (4.6ms)
Completed 200 OK in 16ms (Views: 15.1ms | ActiveRecord: 0.3ms)


Started GET "/images?tag=Moon" for ::1 at 2016-08-25 14:01:54 -0400
Processing by ImagesController#index as HTML
  Parameters: {"tag"=>"Moon"}
  [1m[35mActsAsTaggableOn::Tag Load (0.4ms)[0m  SELECT "tags".* FROM "tags" WHERE (LOWER(name) = LOWER('moon'))
  [1m[36mImage Load (0.6ms)[0m  [1mSELECT "images".* FROM "images" JOIN taggings images_taggings_46dcd4d  ON images_taggings_46dcd4d.taggable_id = "images".id AND images_taggings_46dcd4d.taggable_type = 'Image' AND images_taggings_46dcd4d.tag_id = 7[0m
  Rendered images/index.html.erb within layouts/application (2.9ms)
Completed 200 OK in 18ms (Views: 14.3ms | ActiveRecord: 0.9ms)


Started GET "/images/2" for ::1 at 2016-08-25 14:01:56 -0400
Processing by ImagesController#show as HTML
  Parameters: {"id"=>"2"}
  [1m[35mImage Load (0.2ms)[0m  SELECT  "images".* FROM "images" WHERE "images"."id" = $1 LIMIT 1  [["id", 2]]
  [1m[36mActsAsTaggableOn::Tagging Load (0.2ms)[0m  [1mSELECT "taggings".* FROM "taggings" WHERE "taggings"."taggable_id" = $1 AND "taggings"."taggable_type" = $2[0m  [["taggable_id", 2], ["taggable_type", "Image"]]
  [1m[35mActsAsTaggableOn::Tag Load (0.3ms)[0m  SELECT "tags".* FROM "tags" INNER JOIN "taggings" ON "tags"."id" = "taggings"."tag_id" WHERE "taggings"."taggable_id" = $1 AND "taggings"."taggable_type" = $2 AND (taggings.context = 'tags' AND taggings.tagger_id IS NULL)  [["taggable_id", 2], ["taggable_type", "Image"]]
  [1m[36mUser Load (0.3ms)[0m  [1mSELECT  "users".* FROM "users" WHERE "users"."id" = $1 LIMIT 1[0m  [["id", 1]]
  [1m[35m (0.2ms)[0m  BEGIN
  [1m[36mSQL (0.3ms)[0m  [1mUPDATE "users" SET "last_request_at" = $1, "perishable_token" = $2, "updated_at" = $3 WHERE "users"."id" = $4[0m  [["last_request_at", "2016-08-25 18:01:56.039189"], ["perishable_token", "xnnKZNywbTGcL33Vf7tb"], ["updated_at", "2016-08-25 18:01:56.040027"], ["id", 1]]
  [1m[35m (1.2ms)[0m  COMMIT
  Rendered images/show.html.erb within layouts/application (12.9ms)
Completed 200 OK in 27ms (Views: 23.5ms | ActiveRecord: 3.3ms)


Started DELETE "/images/2" for ::1 at 2016-08-25 14:01:58 -0400
Processing by ImagesController#destroy as HTML
  Parameters: {"id"=>"2"}
Can't verify CSRF token authenticity
  [1m[36mImage Load (0.3ms)[0m  [1mSELECT  "images".* FROM "images" WHERE "images"."id" = $1 LIMIT 1[0m  [["id", 2]]
Redirected to http://localhost:3000/users/new
Filter chain halted as :require_user rendered or redirected
Completed 302 Found in 3ms (ActiveRecord: 0.3ms)


Started GET "/users/new" for ::1 at 2016-08-25 14:01:58 -0400
Processing by UsersController#new as HTML
  Rendered users/_form.html.erb (1.6ms)
  Rendered users/new.html.erb within layouts/application (2.8ms)
Completed 200 OK in 15ms (Views: 14.8ms | ActiveRecord: 0.0ms)


Started GET "/images/2" for ::1 at 2016-08-25 14:02:43 -0400
Processing by ImagesController#show as HTML
  Parameters: {"id"=>"2"}
  [1m[35mImage Load (0.2ms)[0m  SELECT  "images".* FROM "images" WHERE "images"."id" = $1 LIMIT 1  [["id", 2]]
  [1m[36mActsAsTaggableOn::Tagging Load (0.3ms)[0m  [1mSELECT "taggings".* FROM "taggings" WHERE "taggings"."taggable_id" = $1 AND "taggings"."taggable_type" = $2[0m  [["taggable_id", 2], ["taggable_type", "Image"]]
  [1m[35mActsAsTaggableOn::Tag Load (0.3ms)[0m  SELECT "tags".* FROM "tags" INNER JOIN "taggings" ON "tags"."id" = "taggings"."tag_id" WHERE "taggings"."taggable_id" = $1 AND "taggings"."taggable_type" = $2 AND (taggings.context = 'tags' AND taggings.tagger_id IS NULL)  [["taggable_id", 2], ["taggable_type", "Image"]]
  [1m[36mUser Load (0.5ms)[0m  [1mSELECT  "users".* FROM "users" WHERE "users"."id" = $1 LIMIT 1[0m  [["id", 1]]
  [1m[35m (0.2ms)[0m  BEGIN
  [1m[36mSQL (0.3ms)[0m  [1mUPDATE "users" SET "last_request_at" = $1, "perishable_token" = $2, "updated_at" = $3 WHERE "users"."id" = $4[0m  [["last_request_at", "2016-08-25 18:02:43.628479"], ["perishable_token", "kW9poTzC7PAjN5Wb1u7"], ["updated_at", "2016-08-25 18:02:43.629274"], ["id", 1]]
  [1m[35m (1.2ms)[0m  COMMIT
  Rendered images/show.html.erb within layouts/application (28.4ms)
Completed 200 OK in 54ms (Views: 35.2ms | ActiveRecord: 6.1ms)


Started DELETE "/images/2" for ::1 at 2016-08-25 14:02:54 -0400
Processing by ImagesController#destroy as HTML
  Parameters: {"id"=>"2"}
Can't verify CSRF token authenticity
  [1m[36mImage Load (0.6ms)[0m  [1mSELECT  "images".* FROM "images" WHERE "images"."id" = $1 LIMIT 1[0m  [["id", 2]]
Redirected to http://localhost:3000/users/new
Filter chain halted as :require_user rendered or redirected
Completed 302 Found in 3ms (ActiveRecord: 0.6ms)


Started GET "/users/new" for ::1 at 2016-08-25 14:02:54 -0400
Processing by UsersController#new as HTML
  Rendered users/_form.html.erb (1.8ms)
  Rendered users/new.html.erb within layouts/application (2.5ms)
Completed 200 OK in 14ms (Views: 13.9ms | ActiveRecord: 0.0ms)


Started GET "/images/2" for ::1 at 2016-08-25 14:02:58 -0400
Processing by ImagesController#show as HTML
  Parameters: {"id"=>"2"}
  [1m[35mImage Load (0.2ms)[0m  SELECT  "images".* FROM "images" WHERE "images"."id" = $1 LIMIT 1  [["id", 2]]
  [1m[36mActsAsTaggableOn::Tagging Load (0.3ms)[0m  [1mSELECT "taggings".* FROM "taggings" WHERE "taggings"."taggable_id" = $1 AND "taggings"."taggable_type" = $2[0m  [["taggable_id", 2], ["taggable_type", "Image"]]
  [1m[35mActsAsTaggableOn::Tag Load (0.3ms)[0m  SELECT "tags".* FROM "tags" INNER JOIN "taggings" ON "tags"."id" = "taggings"."tag_id" WHERE "taggings"."taggable_id" = $1 AND "taggings"."taggable_type" = $2 AND (taggings.context = 'tags' AND taggings.tagger_id IS NULL)  [["taggable_id", 2], ["taggable_type", "Image"]]
  [1m[36mUser Load (0.2ms)[0m  [1mSELECT  "users".* FROM "users" WHERE "users"."id" = $1 LIMIT 1[0m  [["id", 1]]
  [1m[35m (0.2ms)[0m  BEGIN
  [1m[36mSQL (1.9ms)[0m  [1mUPDATE "users" SET "last_request_at" = $1, "perishable_token" = $2, "updated_at" = $3 WHERE "users"."id" = $4[0m  [["last_request_at", "2016-08-25 18:02:58.934668"], ["perishable_token", "mfq6m46jv11kX2I50u1X"], ["updated_at", "2016-08-25 18:02:58.935571"], ["id", 1]]
  [1m[35m (0.4ms)[0m  COMMIT
  Rendered images/show.html.erb within layouts/application (12.1ms)
Completed 200 OK in 25ms (Views: 20.4ms | ActiveRecord: 3.4ms)


Started GET "/images/2" for ::1 at 2016-08-25 14:04:14 -0400
Processing by ImagesController#show as HTML
  Parameters: {"id"=>"2"}
  [1m[36mImage Load (0.2ms)[0m  [1mSELECT  "images".* FROM "images" WHERE "images"."id" = $1 LIMIT 1[0m  [["id", 2]]
  [1m[35mActsAsTaggableOn::Tagging Load (0.2ms)[0m  SELECT "taggings".* FROM "taggings" WHERE "taggings"."taggable_id" = $1 AND "taggings"."taggable_type" = $2  [["taggable_id", 2], ["taggable_type", "Image"]]
  [1m[36mActsAsTaggableOn::Tag Load (0.3ms)[0m  [1mSELECT "tags".* FROM "tags" INNER JOIN "taggings" ON "tags"."id" = "taggings"."tag_id" WHERE "taggings"."taggable_id" = $1 AND "taggings"."taggable_type" = $2 AND (taggings.context = 'tags' AND taggings.tagger_id IS NULL)[0m  [["taggable_id", 2], ["taggable_type", "Image"]]
  [1m[35mUser Load (0.2ms)[0m  SELECT  "users".* FROM "users" WHERE "users"."id" = $1 LIMIT 1  [["id", 1]]
  [1m[36m (0.2ms)[0m  [1mBEGIN[0m
  [1m[35mSQL (0.2ms)[0m  UPDATE "users" SET "last_request_at" = $1, "perishable_token" = $2, "updated_at" = $3 WHERE "users"."id" = $4  [["last_request_at", "2016-08-25 18:04:14.810078"], ["perishable_token", "us9n830xBC30AJUoLxXN"], ["updated_at", "2016-08-25 18:04:14.810807"], ["id", 1]]
  [1m[36m (1.5ms)[0m  [1mCOMMIT[0m
  Rendered images/show.html.erb within layouts/application (26.0ms)
Completed 200 OK in 52ms (Views: 34.2ms | ActiveRecord: 6.2ms)


Started DELETE "/images/2" for ::1 at 2016-08-25 14:04:17 -0400
Processing by ImagesController#destroy as HTML
  Parameters: {"id"=>"2"}
Can't verify CSRF token authenticity
Completed 422 Unprocessable Entity in 1ms (ActiveRecord: 0.0ms)

ActionController::InvalidAuthenticityToken (ActionController::InvalidAuthenticityToken):
  actionpack (4.2.4) lib/action_controller/metal/request_forgery_protection.rb:181:in `handle_unverified_request'
  actionpack (4.2.4) lib/action_controller/metal/request_forgery_protection.rb:209:in `handle_unverified_request'
  actionpack (4.2.4) lib/action_controller/metal/request_forgery_protection.rb:204:in `verify_authenticity_token'
  activesupport (4.2.4) lib/active_support/callbacks.rb:432:in `block in make_lambda'
  activesupport (4.2.4) lib/active_support/callbacks.rb:145:in `call'
  activesupport (4.2.4) lib/active_support/callbacks.rb:145:in `block in halting_and_conditional'
  activesupport (4.2.4) lib/active_support/callbacks.rb:504:in `call'
  activesupport (4.2.4) lib/active_support/callbacks.rb:504:in `block in call'
  activesupport (4.2.4) lib/active_support/callbacks.rb:504:in `each'
  activesupport (4.2.4) lib/active_support/callbacks.rb:504:in `call'
  activesupport (4.2.4) lib/active_support/callbacks.rb:92:in `__run_callbacks__'
  activesupport (4.2.4) lib/active_support/callbacks.rb:778:in `_run_process_action_callbacks'
  activesupport (4.2.4) lib/active_support/callbacks.rb:81:in `run_callbacks'
  actionpack (4.2.4) lib/abstract_controller/callbacks.rb:19:in `process_action'
  actionpack (4.2.4) lib/action_controller/metal/rescue.rb:29:in `process_action'
  actionpack (4.2.4) lib/action_controller/metal/instrumentation.rb:32:in `block in process_action'
  activesupport (4.2.4) lib/active_support/notifications.rb:164:in `block in instrument'
  activesupport (4.2.4) lib/active_support/notifications/instrumenter.rb:20:in `instrument'
  activesupport (4.2.4) lib/active_support/notifications.rb:164:in `instrument'
  actionpack (4.2.4) lib/action_controller/metal/instrumentation.rb:30:in `process_action'
  actionpack (4.2.4) lib/action_controller/metal/params_wrapper.rb:250:in `process_action'
  activerecord (4.2.4) lib/active_record/railties/controller_runtime.rb:18:in `process_action'
  actionpack (4.2.4) lib/abstract_controller/base.rb:137:in `process'
  actionview (4.2.4) lib/action_view/rendering.rb:30:in `process'
  actionpack (4.2.4) lib/action_controller/metal.rb:196:in `dispatch'
  actionpack (4.2.4) lib/action_controller/metal/rack_delegation.rb:13:in `dispatch'
  actionpack (4.2.4) lib/action_controller/metal.rb:237:in `block in action'
  actionpack (4.2.4) lib/action_dispatch/routing/route_set.rb:76:in `call'
  actionpack (4.2.4) lib/action_dispatch/routing/route_set.rb:76:in `dispatch'
  actionpack (4.2.4) lib/action_dispatch/routing/route_set.rb:45:in `serve'
  actionpack (4.2.4) lib/action_dispatch/journey/router.rb:43:in `block in serve'
  actionpack (4.2.4) lib/action_dispatch/journey/router.rb:30:in `each'
  actionpack (4.2.4) lib/action_dispatch/journey/router.rb:30:in `serve'
  actionpack (4.2.4) lib/action_dispatch/routing/route_set.rb:821:in `call'
  rack (1.6.4) lib/rack/etag.rb:24:in `call'
  rack (1.6.4) lib/rack/conditionalget.rb:38:in `call'
  rack (1.6.4) lib/rack/head.rb:13:in `call'
  actionpack (4.2.4) lib/action_dispatch/middleware/params_parser.rb:27:in `call'
  actionpack (4.2.4) lib/action_dispatch/middleware/flash.rb:260:in `call'
  rack (1.6.4) lib/rack/session/abstract/id.rb:225:in `context'
  rack (1.6.4) lib/rack/session/abstract/id.rb:220:in `call'
  actionpack (4.2.4) lib/action_dispatch/middleware/cookies.rb:560:in `call'
  activerecord (4.2.4) lib/active_record/query_cache.rb:36:in `call'
  activerecord (4.2.4) lib/active_record/connection_adapters/abstract/connection_pool.rb:653:in `call'
  activerecord (4.2.4) lib/active_record/migration.rb:377:in `call'
  actionpack (4.2.4) lib/action_dispatch/middleware/callbacks.rb:29:in `block in call'
  activesupport (4.2.4) lib/active_support/callbacks.rb:88:in `__run_callbacks__'
  activesupport (4.2.4) lib/active_support/callbacks.rb:778:in `_run_call_callbacks'
  activesupport (4.2.4) lib/active_support/callbacks.rb:81:in `run_callbacks'
  actionpack (4.2.4) lib/action_dispatch/middleware/callbacks.rb:27:in `call'
  actionpack (4.2.4) lib/action_dispatch/middleware/reloader.rb:73:in `call'
  actionpack (4.2.4) lib/action_dispatch/middleware/remote_ip.rb:78:in `call'
  actionpack (4.2.4) lib/action_dispatch/middleware/debug_exceptions.rb:17:in `call'
  actionpack (4.2.4) lib/action_dispatch/middleware/show_exceptions.rb:30:in `call'
  railties (4.2.4) lib/rails/rack/logger.rb:38:in `call_app'
  railties (4.2.4) lib/rails/rack/logger.rb:20:in `block in call'
  activesupport (4.2.4) lib/active_support/tagged_logging.rb:68:in `block in tagged'
  activesupport (4.2.4) lib/active_support/tagged_logging.rb:26:in `tagged'
  activesupport (4.2.4) lib/active_support/tagged_logging.rb:68:in `tagged'
  railties (4.2.4) lib/rails/rack/logger.rb:20:in `call'
  request_store (1.3.1) lib/request_store/middleware.rb:9:in `call'
  actionpack (4.2.4) lib/action_dispatch/middleware/request_id.rb:21:in `call'
  rack (1.6.4) lib/rack/methodoverride.rb:22:in `call'
  rack (1.6.4) lib/rack/runtime.rb:18:in `call'
  activesupport (4.2.4) lib/active_support/cache/strategy/local_cache_middleware.rb:28:in `call'
  rack (1.6.4) lib/rack/lock.rb:17:in `call'
  actionpack (4.2.4) lib/action_dispatch/middleware/static.rb:116:in `call'
  rack (1.6.4) lib/rack/sendfile.rb:113:in `call'
  railties (4.2.4) lib/rails/engine.rb:518:in `call'
  railties (4.2.4) lib/rails/application.rb:165:in `call'
  rack (1.6.4) lib/rack/lock.rb:17:in `call'
  rack (1.6.4) lib/rack/content_length.rb:15:in `call'
  rack (1.6.4) lib/rack/handler/webrick.rb:88:in `service'
  /Users/nicolebeguesse/.rvm/rubies/ruby-2.2.1/lib/ruby/2.2.0/webrick/httpserver.rb:138:in `service'
  /Users/nicolebeguesse/.rvm/rubies/ruby-2.2.1/lib/ruby/2.2.0/webrick/httpserver.rb:94:in `run'
  /Users/nicolebeguesse/.rvm/rubies/ruby-2.2.1/lib/ruby/2.2.0/webrick/server.rb:294:in `block in start_thread'


  Rendered /Users/nicolebeguesse/.rvm/gems/ruby-2.2.1/gems/actionpack-4.2.4/lib/action_dispatch/middleware/templates/rescues/_source.erb (3.2ms)
  Rendered /Users/nicolebeguesse/.rvm/gems/ruby-2.2.1/gems/actionpack-4.2.4/lib/action_dispatch/middleware/templates/rescues/_trace.html.erb (1.6ms)
  Rendered /Users/nicolebeguesse/.rvm/gems/ruby-2.2.1/gems/actionpack-4.2.4/lib/action_dispatch/middleware/templates/rescues/_request_and_response.html.erb (1.0ms)
  Rendered /Users/nicolebeguesse/.rvm/gems/ruby-2.2.1/gems/actionpack-4.2.4/lib/action_dispatch/middleware/templates/rescues/diagnostics.html.erb within rescues/layout (36.2ms)


Started DELETE "/images/2" for ::1 at 2016-08-25 14:04:25 -0400
Processing by ImagesController#destroy as HTML
  Parameters: {"id"=>"2"}
Can't verify CSRF token authenticity
  [1m[35mImage Load (0.2ms)[0m  SELECT  "images".* FROM "images" WHERE "images"."id" = $1 LIMIT 1  [["id", 2]]
Redirected to http://localhost:3000/users/new
Filter chain halted as :require_user rendered or redirected
Completed 302 Found in 23ms (ActiveRecord: 3.0ms)


Started GET "/users/new" for ::1 at 2016-08-25 14:04:25 -0400
Processing by UsersController#new as HTML
  Rendered users/_form.html.erb (1.8ms)
  Rendered users/new.html.erb within layouts/application (2.5ms)
Completed 200 OK in 21ms (Views: 13.4ms | ActiveRecord: 0.0ms)


Started GET "/images/2" for ::1 at 2016-08-25 14:05:10 -0400
Processing by ImagesController#show as HTML
  Parameters: {"id"=>"2"}
  [1m[36mImage Load (0.3ms)[0m  [1mSELECT  "images".* FROM "images" WHERE "images"."id" = $1 LIMIT 1[0m  [["id", 2]]
  [1m[35mActsAsTaggableOn::Tagging Load (0.7ms)[0m  SELECT "taggings".* FROM "taggings" WHERE "taggings"."taggable_id" = $1 AND "taggings"."taggable_type" = $2  [["taggable_id", 2], ["taggable_type", "Image"]]
  [1m[36mActsAsTaggableOn::Tag Load (0.3ms)[0m  [1mSELECT "tags".* FROM "tags" INNER JOIN "taggings" ON "tags"."id" = "taggings"."tag_id" WHERE "taggings"."taggable_id" = $1 AND "taggings"."taggable_type" = $2 AND (taggings.context = 'tags' AND taggings.tagger_id IS NULL)[0m  [["taggable_id", 2], ["taggable_type", "Image"]]
  [1m[35mUser Load (0.2ms)[0m  SELECT  "users".* FROM "users" WHERE "users"."id" = $1 LIMIT 1  [["id", 1]]
  [1m[36m (0.2ms)[0m  [1mBEGIN[0m
  [1m[35mSQL (0.2ms)[0m  UPDATE "users" SET "last_request_at" = $1, "perishable_token" = $2, "updated_at" = $3 WHERE "users"."id" = $4  [["last_request_at", "2016-08-25 18:05:10.965072"], ["perishable_token", "jEQWeNCYsyC5wkbySzU"], ["updated_at", "2016-08-25 18:05:10.965949"], ["id", 1]]
  [1m[36m (1.2ms)[0m  [1mCOMMIT[0m
  Rendered images/show.html.erb within layouts/application (28.8ms)
Completed 200 OK in 54ms (Views: 35.3ms | ActiveRecord: 6.8ms)


Started DELETE "/images/2" for ::1 at 2016-08-25 14:05:13 -0400
Processing by ImagesController#destroy as HTML
  Parameters: {"id"=>"2"}
Can't verify CSRF token authenticity
  [1m[35mImage Load (0.4ms)[0m  SELECT  "images".* FROM "images" WHERE "images"."id" = $1 LIMIT 1  [["id", 2]]
Redirected to http://localhost:3000/users/new
Filter chain halted as :require_user rendered or redirected
Completed 302 Found in 2ms (ActiveRecord: 0.4ms)


Started GET "/users/new" for ::1 at 2016-08-25 14:05:13 -0400
Processing by UsersController#new as HTML
  Rendered users/_form.html.erb (2.5ms)
  Rendered users/new.html.erb within layouts/application (3.3ms)
Completed 200 OK in 15ms (Views: 14.6ms | ActiveRecord: 0.0ms)


Started GET "/images/2" for ::1 at 2016-08-25 14:05:15 -0400
Processing by ImagesController#show as HTML
  Parameters: {"id"=>"2"}
  [1m[36mImage Load (0.3ms)[0m  [1mSELECT  "images".* FROM "images" WHERE "images"."id" = $1 LIMIT 1[0m  [["id", 2]]
  [1m[35mActsAsTaggableOn::Tagging Load (0.4ms)[0m  SELECT "taggings".* FROM "taggings" WHERE "taggings"."taggable_id" = $1 AND "taggings"."taggable_type" = $2  [["taggable_id", 2], ["taggable_type", "Image"]]
  [1m[36mActsAsTaggableOn::Tag Load (0.3ms)[0m  [1mSELECT "tags".* FROM "tags" INNER JOIN "taggings" ON "tags"."id" = "taggings"."tag_id" WHERE "taggings"."taggable_id" = $1 AND "taggings"."taggable_type" = $2 AND (taggings.context = 'tags' AND taggings.tagger_id IS NULL)[0m  [["taggable_id", 2], ["taggable_type", "Image"]]
  [1m[35mUser Load (0.2ms)[0m  SELECT  "users".* FROM "users" WHERE "users"."id" = $1 LIMIT 1  [["id", 1]]
  [1m[36m (0.2ms)[0m  [1mBEGIN[0m
  [1m[35mSQL (0.3ms)[0m  UPDATE "users" SET "last_request_at" = $1, "perishable_token" = $2, "updated_at" = $3 WHERE "users"."id" = $4  [["last_request_at", "2016-08-25 18:05:15.043419"], ["perishable_token", "28d62qWGKEt6MdJjng1Y"], ["updated_at", "2016-08-25 18:05:15.044146"], ["id", 1]]
  [1m[36m (0.4ms)[0m  [1mCOMMIT[0m
  Rendered images/show.html.erb within layouts/application (20.5ms)
Completed 200 OK in 35ms (Views: 32.0ms | ActiveRecord: 2.0ms)


Started DELETE "/images/2" for ::1 at 2016-08-25 14:05:22 -0400
Processing by ImagesController#destroy as HTML
  Parameters: {"id"=>"2"}
  [1m[35mImage Load (0.2ms)[0m  SELECT  "images".* FROM "images" WHERE "images"."id" = $1 LIMIT 1  [["id", 2]]
  [1m[36mUser Load (0.2ms)[0m  [1mSELECT  "users".* FROM "users" WHERE "users"."id" = $1 LIMIT 1[0m  [["id", 1]]
  [1m[35m (0.2ms)[0m  BEGIN
  [1m[36mSQL (0.2ms)[0m  [1mUPDATE "users" SET "last_request_at" = $1, "perishable_token" = $2, "updated_at" = $3 WHERE "users"."id" = $4[0m  [["last_request_at", "2016-08-25 18:05:22.519366"], ["perishable_token", "gxFwiTqnCjsFFkwV7DOq"], ["updated_at", "2016-08-25 18:05:22.520313"], ["id", 1]]
  [1m[35m (1.2ms)[0m  COMMIT
  [1m[36m (0.1ms)[0m  [1mBEGIN[0m
  [1m[35mActsAsTaggableOn::Tagging Load (0.2ms)[0m  SELECT "taggings".* FROM "taggings" WHERE "taggings"."taggable_id" = $1 AND "taggings"."taggable_type" = $2  [["taggable_id", 2], ["taggable_type", "Image"]]
  [1m[36mSQL (0.2ms)[0m  [1mDELETE FROM "taggings" WHERE "taggings"."id" = $1[0m  [["id", 14]]
  [1m[35mActsAsTaggableOn::Tag Load (0.1ms)[0m  SELECT  "tags".* FROM "tags" WHERE "tags"."id" = $1 LIMIT 1  [["id", 5]]
  [1m[36mSQL (0.2ms)[0m  [1mUPDATE "tags" SET "taggings_count" = COALESCE("taggings_count", 0) - 1 WHERE "tags"."id" = $1[0m  [["id", 5]]
  [1m[35mSQL (0.3ms)[0m  DELETE FROM "taggings" WHERE "taggings"."id" = $1  [["id", 13]]
  [1m[36mActsAsTaggableOn::Tag Load (0.2ms)[0m  [1mSELECT  "tags".* FROM "tags" WHERE "tags"."id" = $1 LIMIT 1[0m  [["id", 11]]
  [1m[35mSQL (0.3ms)[0m  UPDATE "tags" SET "taggings_count" = COALESCE("taggings_count", 0) - 1 WHERE "tags"."id" = $1  [["id", 11]]
  [1m[36mSQL (0.3ms)[0m  [1mDELETE FROM "taggings" WHERE "taggings"."id" = $1[0m  [["id", 12]]
  [1m[35mActsAsTaggableOn::Tag Load (0.2ms)[0m  SELECT  "tags".* FROM "tags" WHERE "tags"."id" = $1 LIMIT 1  [["id", 1]]
  [1m[36mSQL (0.4ms)[0m  [1mUPDATE "tags" SET "taggings_count" = COALESCE("taggings_count", 0) - 1 WHERE "tags"."id" = $1[0m  [["id", 1]]
  [1m[35mSQL (0.4ms)[0m  DELETE FROM "taggings" WHERE "taggings"."id" = $1  [["id", 11]]
  [1m[36mActsAsTaggableOn::Tag Load (0.2ms)[0m  [1mSELECT  "tags".* FROM "tags" WHERE "tags"."id" = $1 LIMIT 1[0m  [["id", 10]]
  [1m[35mSQL (0.3ms)[0m  UPDATE "tags" SET "taggings_count" = COALESCE("taggings_count", 0) - 1 WHERE "tags"."id" = $1  [["id", 10]]
  [1m[36mSQL (0.3ms)[0m  [1mDELETE FROM "taggings" WHERE "taggings"."id" = $1[0m  [["id", 10]]
  [1m[35mActsAsTaggableOn::Tag Load (0.2ms)[0m  SELECT  "tags".* FROM "tags" WHERE "tags"."id" = $1 LIMIT 1  [["id", 9]]
  [1m[36mSQL (0.3ms)[0m  [1mUPDATE "tags" SET "taggings_count" = COALESCE("taggings_count", 0) - 1 WHERE "tags"."id" = $1[0m  [["id", 9]]
  [1m[35mSQL (0.3ms)[0m  DELETE FROM "taggings" WHERE "taggings"."id" = $1  [["id", 9]]
  [1m[36mActsAsTaggableOn::Tag Load (0.2ms)[0m  [1mSELECT  "tags".* FROM "tags" WHERE "tags"."id" = $1 LIMIT 1[0m  [["id", 8]]
  [1m[35mSQL (0.2ms)[0m  UPDATE "tags" SET "taggings_count" = COALESCE("taggings_count", 0) - 1 WHERE "tags"."id" = $1  [["id", 8]]
  [1m[36mSQL (0.2ms)[0m  [1mDELETE FROM "taggings" WHERE "taggings"."id" = $1[0m  [["id", 8]]
  [1m[35mActsAsTaggableOn::Tag Load (0.2ms)[0m  SELECT  "tags".* FROM "tags" WHERE "tags"."id" = $1 LIMIT 1  [["id", 7]]
  [1m[36mSQL (0.2ms)[0m  [1mUPDATE "tags" SET "taggings_count" = COALESCE("taggings_count", 0) - 1 WHERE "tags"."id" = $1[0m  [["id", 7]]
  [1m[35mActsAsTaggableOn::Tagging Load (0.3ms)[0m  SELECT "taggings".* FROM "taggings" WHERE "taggings"."taggable_id" = $1 AND "taggings"."taggable_type" = $2 AND "taggings"."context" = $3  [["taggable_id", 2], ["taggable_type", "Image"], ["context", "tags"]]
  [1m[36mImage Load (2.2ms)[0m  [1mSELECT "images".* FROM "images" INNER JOIN "matches" ON "images"."id" = "matches"."matched_image_id" WHERE "matches"."image_id" = $1[0m  [["image_id", 2]]
  [1m[35mSQL (7.4ms)[0m  DELETE FROM "images" WHERE "images"."id" = $1  [["id", 2]]
  [1m[36m (6.5ms)[0m  [1mCOMMIT[0m
[paperclip] deleting /Users/nicolebeguesse/Desktop/hi-res/public/images/files/000/000/002/original/all.jpeg
[paperclip] deleting /Users/nicolebeguesse/Desktop/hi-res/public/images/files/000/000/002/thumb/all.jpeg
Redirected to http://localhost:3000/images
Completed 302 Found in 98ms (ActiveRecord: 28.1ms)


Started GET "/images" for ::1 at 2016-08-25 14:05:22 -0400
Processing by ImagesController#index as HTML
Redirected to http://localhost:3000/
Completed 302 Found in 0ms (ActiveRecord: 0.0ms)


Started GET "/" for ::1 at 2016-08-25 14:05:22 -0400
Processing by PagesController#welcome as HTML
  [1m[35mActsAsTaggableOn::Tag Load (0.4ms)[0m  SELECT  "tags".* FROM "tags"  ORDER BY taggings_count desc LIMIT 50
  Rendered pages/welcome.html.erb within layouts/application (5.4ms)
Completed 200 OK in 18ms (Views: 17.2ms | ActiveRecord: 0.4ms)
